[2020-12-28 13:45:15] local.ERROR: Class 'Awssat\Visits\VisitsServiceProvider' not found {"exception":"[object] (Symfony\\Component\\Debug\\Exception\\FatalThrowableError(code: 0): Class 'Awssat\\Visits\\VisitsServiceProvider' not found at E:\\Billy\\laravel_volcano_projects\\Royal-details\
ew_royal\\vendor\\laravel\\framework\\src\\Illuminate\\Foundation\\Application.php:679)
[stacktrace]
#0 E:\\Billy\\laravel_volcano_projects\\Royal-details\
ew_royal\\vendor\\laravel\\framework\\src\\Illuminate\\Foundation\\Application.php(613): Illuminate\\Foundation\\Application->resolveProvider('Awssat\\\\Visits\\\\V...')
#1 E:\\Billy\\laravel_volcano_projects\\Royal-details\
ew_royal\\vendor\\laravel\\framework\\src\\Illuminate\\Foundation\\ProviderRepository.php(75): Illuminate\\Foundation\\Application->register('Awssat\\\\Visits\\\\V...')
#2 E:\\Billy\\laravel_volcano_projects\\Royal-details\
ew_royal\\vendor\\laravel\\framework\\src\\Illuminate\\Foundation\\Application.php(593): Illuminate\\Foundation\\ProviderRepository->load(Array)
#3 E:\\Billy\\laravel_volcano_projects\\Royal-details\
ew_royal\\vendor\\laravel\\framework\\src\\Illuminate\\Foundation\\Bootstrap\\RegisterProviders.php(17): Illuminate\\Foundation\\Application->registerConfiguredProviders()
#4 E:\\Billy\\laravel_volcano_projects\\Royal-details\
ew_royal\\vendor\\laravel\\framework\\src\\Illuminate\\Foundation\\Application.php(219): Illuminate\\Foundation\\Bootstrap\\RegisterProviders->bootstrap(Object(Illuminate\\Foundation\\Application))
#5 E:\\Billy\\laravel_volcano_projects\\Royal-details\
ew_royal\\vendor\\laravel\\framework\\src\\Illuminate\\Foundation\\Console\\Kernel.php(320): Illuminate\\Foundation\\Application->bootstrapWith(Array)
#6 E:\\Billy\\laravel_volcano_projects\\Royal-details\
ew_royal\\vendor\\laravel\\framework\\src\\Illuminate\\Foundation\\Console\\Kernel.php(129): Illuminate\\Foundation\\Console\\Kernel->bootstrap()
#7 E:\\Billy\\laravel_volcano_projects\\Royal-details\
ew_royal\\artisan(72): Illuminate\\Foundation\\Console\\Kernel->handle(Object(Symfony\\Component\\Console\\Input\\ArgvInput), Object(Symfony\\Component\\Console\\Output\\ConsoleOutput))
#8 {main}
"} 
[2020-12-28 13:45:38] local.ERROR: Class 'Awssat\Visits\VisitsServiceProvider' not found {"exception":"[object] (Symfony\\Component\\Debug\\Exception\\FatalThrowableError(code: 0): Class 'Awssat\\Visits\\VisitsServiceProvider' not found at E:\\Billy\\laravel_volcano_projects\\Royal-details\
ew_royal\\vendor\\laravel\\framework\\src\\Illuminate\\Foundation\\Application.php:679)
[stacktrace]
#0 E:\\Billy\\laravel_volcano_projects\\Royal-details\
ew_royal\\vendor\\laravel\\framework\\src\\Illuminate\\Foundation\\Application.php(613): Illuminate\\Foundation\\Application->resolveProvider('Awssat\\\\Visits\\\\V...')
#1 E:\\Billy\\laravel_volcano_projects\\Royal-details\
ew_royal\\vendor\\laravel\\framework\\src\\Illuminate\\Foundation\\ProviderRepository.php(75): Illuminate\\Foundation\\Application->register('Awssat\\\\Visits\\\\V...')
#2 E:\\Billy\\laravel_volcano_projects\\Royal-details\
ew_royal\\vendor\\laravel\\framework\\src\\Illuminate\\Foundation\\Application.php(593): Illuminate\\Foundation\\ProviderRepository->load(Array)
#3 E:\\Billy\\laravel_volcano_projects\\Royal-details\
ew_royal\\vendor\\laravel\\framework\\src\\Illuminate\\Foundation\\Bootstrap\\RegisterProviders.php(17): Illuminate\\Foundation\\Application->registerConfiguredProviders()
#4 E:\\Billy\\laravel_volcano_projects\\Royal-details\
ew_royal\\vendor\\laravel\\framework\\src\\Illuminate\\Foundation\\Application.php(219): Illuminate\\Foundation\\Bootstrap\\RegisterProviders->bootstrap(Object(Illuminate\\Foundation\\Application))
#5 E:\\Billy\\laravel_volcano_projects\\Royal-details\
ew_royal\\vendor\\laravel\\framework\\src\\Illuminate\\Foundation\\Console\\Kernel.php(320): Illuminate\\Foundation\\Application->bootstrapWith(Array)
#6 E:\\Billy\\laravel_volcano_projects\\Royal-details\
ew_royal\\vendor\\laravel\\framework\\src\\Illuminate\\Foundation\\Console\\Kernel.php(129): Illuminate\\Foundation\\Console\\Kernel->bootstrap()
#7 E:\\Billy\\laravel_volcano_projects\\Royal-details\
ew_royal\\artisan(72): Illuminate\\Foundation\\Console\\Kernel->handle(Object(Symfony\\Component\\Console\\Input\\ArgvInput), Object(Symfony\\Component\\Console\\Output\\ConsoleOutput))
#8 {main}
"} 
