[2021-01-18 10:57:28] local.ERROR: Cannot use isset() on the result of an expression (you can use "null !== expression" instead) {"exception":"[object] (Symfony\\Component\\Debug\\Exception\\FatalErrorException(code: 64): Cannot use isset() on the result of an expression (you can use \"null !== expression\" instead) at E:\\Billy\\laravel_volcano_projects\\Royal-details\
ew_royal\\storage\\framework\\views\\ff568a8d2210c35c739573d0551caf95eb6bf9eb.php:352)
[stacktrace]
#0 {main}
"} 
[2021-01-18 11:00:10] local.ERROR: Undefined variable: Session (View: E:\Billy\laravel_volcano_projects\Royal-details\new_royal\resources\views\blades\freeAds.blade.php) {"userId":3,"exception":"[object] (Facade\\Ignition\\Exceptions\\ViewException(code: 0): Undefined variable: Session (View: E:\\Billy\\laravel_volcano_projects\\Royal-details\
ew_royal\esources\\views\\blades\\freeAds.blade.php) at E:\\Billy\\laravel_volcano_projects\\Royal-details\
ew_royal\esources\\views/blades/freeAds.blade.php:251)
[stacktrace]
#0 E:\\Billy\\laravel_volcano_projects\\Royal-details\
ew_royal\esources\\views/blades/freeAds.blade.php(251): Illuminate\\Foundation\\Bootstrap\\HandleExceptions->handleError(8, 'Undefined varia...', 'E:\\\\Billy\\\\larave...', 251, Array)
#1 E:\\Billy\\laravel_volcano_projects\\Royal-details\
ew_royal\\vendor\\laravel\\framework\\src\\Illuminate\\View\\Engines\\PhpEngine.php(43): include('E:\\\\Billy\\\\larave...')
#2 E:\\Billy\\laravel_volcano_projects\\Royal-details\
ew_royal\\vendor\\laravel\\framework\\src\\Illuminate\\View\\Engines\\CompilerEngine.php(59): Illuminate\\View\\Engines\\PhpEngine->evaluatePath('E:\\\\Billy\\\\larave...', Array)
#3 E:\\Billy\\laravel_volcano_projects\\Royal-details\
ew_royal\\vendor\\facade\\ignition\\src\\Views\\Engines\\CompilerEngine.php(36): Illuminate\\View\\Engines\\CompilerEngine->get('E:\\\\Billy\\\\larave...', Array)
#4 E:\\Billy\\laravel_volcano_projects\\Royal-details\
ew_royal\\vendor\\laravel\\framework\\src\\Illuminate\\View\\View.php(143): Facade\\Ignition\\Views\\Engines\\CompilerEngine->get('E:\\\\Billy\\\\larave...', Array)
#5 E:\\Billy\\laravel_volcano_projects\\Royal-details\
ew_royal\\vendor\\laravel\\framework\\src\\Illuminate\\View\\View.php(126): Illuminate\\View\\View->getContents()
#6 E:\\Billy\\laravel_volcano_projects\\Royal-details\
ew_royal\\vendor\\laravel\\framework\\src\\Illuminate\\View\\View.php(91): Illuminate\\View\\View->renderContents()
#7 E:\\Billy\\laravel_volcano_projects\\Royal-details\
ew_royal\\vendor\\laravel\\framework\\src\\Illuminate\\Http\\Response.php(42): Illuminate\\View\\View->render()
#8 E:\\Billy\\laravel_volcano_projects\\Royal-details\
ew_royal\\vendor\\symfony\\http-foundation\\Response.php(205): Illuminate\\Http\\Response->setContent(Object(Illuminate\\View\\View))
#9 E:\\Billy\\laravel_volcano_projects\\Royal-details\
ew_royal\\vendor\\laravel\\framework\\src\\Illuminate\\Routing\\Router.php(749): Symfony\\Component\\HttpFoundation\\Response->__construct(Object(Illuminate\\View\\View), 200, Array)
#10 E:\\Billy\\laravel_volcano_projects\\Royal-details\
ew_royal\\vendor\\laravel\\framework\\src\\Illuminate\\Routing\\Router.php(721): Illuminate\\Routing\\Router::toResponse(Object(Illuminate\\Http\\Request), Object(Illuminate\\View\\View))
#11 E:\\Billy\\laravel_volcano_projects\\Royal-details\
ew_royal\\vendor\\laravel\\framework\\src\\Illuminate\\Routing\\Router.php(681): Illuminate\\Routing\\Router->prepareResponse(Object(Illuminate\\Http\\Request), Object(Illuminate\\View\\View))
#12 E:\\Billy\\laravel_volcano_projects\\Royal-details\
ew_royal\\vendor\\laravel\\framework\\src\\Illuminate\\Pipeline\\Pipeline.php(130): Illuminate\\Routing\\Router->Illuminate\\Routing\\{closure}(Object(Illuminate\\Http\\Request))
#13 E:\\Billy\\laravel_volcano_projects\\Royal-details\
ew_royal\\vendor\\mcamara\\laravel-localization\\src\\Mcamara\\LaravelLocalization\\Middleware\\LaravelLocalizationViewPath.php(33): Illuminate\\Pipeline\\Pipeline->Illuminate\\Pipeline\\{closure}(Object(Illuminate\\Http\\Request))
#14 E:\\Billy\\laravel_volcano_projects\\Royal-details\
ew_royal\\vendor\\laravel\\framework\\src\\Illuminate\\Pipeline\\Pipeline.php(171): Mcamara\\LaravelLocalization\\Middleware\\LaravelLocalizationViewPath->handle(Object(Illuminate\\Http\\Request), Object(Closure))
#15 E:\\Billy\\laravel_volcano_projects\\Royal-details\
ew_royal\\vendor\\mcamara\\laravel-localization\\src\\Mcamara\\LaravelLocalization\\Middleware\\LaravelLocalizationRedirectFilter.php(45): Illuminate\\Pipeline\\Pipeline->Illuminate\\Pipeline\\{closure}(Object(Illuminate\\Http\\Request))
#16 E:\\Billy\\laravel_volcano_projects\\Royal-details\
ew_royal\\vendor\\laravel\\framework\\src\\Illuminate\\Pipeline\\Pipeline.php(171): Mcamara\\LaravelLocalization\\Middleware\\LaravelLocalizationRedirectFilter->handle(Object(Illuminate\\Http\\Request), Object(Closure))
#17 E:\\Billy\\laravel_volcano_projects\\Royal-details\
ew_royal\\vendor\\mcamara\\laravel-localization\\src\\Mcamara\\LaravelLocalization\\Middleware\\LocaleSessionRedirect.php(32): Illuminate\\Pipeline\\Pipeline->Illuminate\\Pipeline\\{closure}(Object(Illuminate\\Http\\Request))
#18 E:\\Billy\\laravel_volcano_projects\\Royal-details\
ew_royal\\vendor\\laravel\\framework\\src\\Illuminate\\Pipeline\\Pipeline.php(171): Mcamara\\LaravelLocalization\\Middleware\\LocaleSessionRedirect->handle(Object(Illuminate\\Http\\Request), Object(Closure))
#19 E:\\Billy\\laravel_volcano_projects\\Royal-details\
ew_royal\\vendor\\avored\\framework\\src\\Support\\Middleware\\AvoRedCore.php(36): Illuminate\\Pipeline\\Pipeline->Illuminate\\Pipeline\\{closure}(Object(Illuminate\\Http\\Request))
#20 E:\\Billy\\laravel_volcano_projects\\Royal-details\
ew_royal\\vendor\\laravel\\framework\\src\\Illuminate\\Pipeline\\Pipeline.php(171): AvoRed\\Framework\\Support\\Middleware\\AvoRedCore->handle(Object(Illuminate\\Http\\Request), Object(Closure))
#21 E:\\Billy\\laravel_volcano_projects\\Royal-details\
ew_royal\\vendor\\laravel\\framework\\src\\Illuminate\\Routing\\Middleware\\SubstituteBindings.php(41): Illuminate\\Pipeline\\Pipeline->Illuminate\\Pipeline\\{closure}(Object(Illuminate\\Http\\Request))
#22 E:\\Billy\\laravel_volcano_projects\\Royal-details\
ew_royal\\vendor\\laravel\\framework\\src\\Illuminate\\Pipeline\\Pipeline.php(171): Illuminate\\Routing\\Middleware\\SubstituteBindings->handle(Object(Illuminate\\Http\\Request), Object(Closure))
#23 E:\\Billy\\laravel_volcano_projects\\Royal-details\
ew_royal\\vendor\\laravel\\framework\\src\\Illuminate\\Foundation\\Http\\Middleware\\VerifyCsrfToken.php(76): Illuminate\\Pipeline\\Pipeline->Illuminate\\Pipeline\\{closure}(Object(Illuminate\\Http\\Request))
#24 E:\\Billy\\laravel_volcano_projects\\Royal-details\
ew_royal\\vendor\\laravel\\framework\\src\\Illuminate\\Pipeline\\Pipeline.php(171): Illuminate\\Foundation\\Http\\Middleware\\VerifyCsrfToken->handle(Object(Illuminate\\Http\\Request), Object(Closure))
#25 E:\\Billy\\laravel_volcano_projects\\Royal-details\
ew_royal\\vendor\\laravel\\framework\\src\\Illuminate\\View\\Middleware\\ShareErrorsFromSession.php(49): Illuminate\\Pipeline\\Pipeline->Illuminate\\Pipeline\\{closure}(Object(Illuminate\\Http\\Request))
#26 E:\\Billy\\laravel_volcano_projects\\Royal-details\
ew_royal\\vendor\\laravel\\framework\\src\\Illuminate\\Pipeline\\Pipeline.php(171): Illuminate\\View\\Middleware\\ShareErrorsFromSession->handle(Object(Illuminate\\Http\\Request), Object(Closure))
#27 E:\\Billy\\laravel_volcano_projects\\Royal-details\
ew_royal\\vendor\\laravel\\framework\\src\\Illuminate\\Session\\Middleware\\StartSession.php(56): Illuminate\\Pipeline\\Pipeline->Illuminate\\Pipeline\\{closure}(Object(Illuminate\\Http\\Request))
#28 E:\\Billy\\laravel_volcano_projects\\Royal-details\
ew_royal\\vendor\\laravel\\framework\\src\\Illuminate\\Pipeline\\Pipeline.php(171): Illuminate\\Session\\Middleware\\StartSession->handle(Object(Illuminate\\Http\\Request), Object(Closure))
#29 E:\\Billy\\laravel_volcano_projects\\Royal-details\
ew_royal\\vendor\\laravel\\framework\\src\\Illuminate\\Cookie\\Middleware\\AddQueuedCookiesToResponse.php(37): Illuminate\\Pipeline\\Pipeline->Illuminate\\Pipeline\\{closure}(Object(Illuminate\\Http\\Request))
#30 E:\\Billy\\laravel_volcano_projects\\Royal-details\
ew_royal\\vendor\\laravel\\framework\\src\\Illuminate\\Pipeline\\Pipeline.php(171): Illuminate\\Cookie\\Middleware\\AddQueuedCookiesToResponse->handle(Object(Illuminate\\Http\\Request), Object(Closure))
#31 E:\\Billy\\laravel_volcano_projects\\Royal-details\
ew_royal\\vendor\\laravel\\framework\\src\\Illuminate\\Cookie\\Middleware\\EncryptCookies.php(66): Illuminate\\Pipeline\\Pipeline->Illuminate\\Pipeline\\{closure}(Object(Illuminate\\Http\\Request))
#32 E:\\Billy\\laravel_volcano_projects\\Royal-details\
ew_royal\\vendor\\laravel\\framework\\src\\Illuminate\\Pipeline\\Pipeline.php(171): Illuminate\\Cookie\\Middleware\\EncryptCookies->handle(Object(Illuminate\\Http\\Request), Object(Closure))
#33 E:\\Billy\\laravel_volcano_projects\\Royal-details\
ew_royal\\vendor\\laravel\\framework\\src\\Illuminate\\Pipeline\\Pipeline.php(105): Illuminate\\Pipeline\\Pipeline->Illuminate\\Pipeline\\{closure}(Object(Illuminate\\Http\\Request))
#34 E:\\Billy\\laravel_volcano_projects\\Royal-details\
ew_royal\\vendor\\laravel\\framework\\src\\Illuminate\\Routing\\Router.php(683): Illuminate\\Pipeline\\Pipeline->then(Object(Closure))
#35 E:\\Billy\\laravel_volcano_projects\\Royal-details\
ew_royal\\vendor\\laravel\\framework\\src\\Illuminate\\Routing\\Router.php(658): Illuminate\\Routing\\Router->runRouteWithinStack(Object(Illuminate\\Routing\\Route), Object(Illuminate\\Http\\Request))
#36 E:\\Billy\\laravel_volcano_projects\\Royal-details\
ew_royal\\vendor\\laravel\\framework\\src\\Illuminate\\Routing\\Router.php(624): Illuminate\\Routing\\Router->runRoute(Object(Illuminate\\Http\\Request), Object(Illuminate\\Routing\\Route))
#37 E:\\Billy\\laravel_volcano_projects\\Royal-details\
ew_royal\\vendor\\laravel\\framework\\src\\Illuminate\\Routing\\Router.php(613): Illuminate\\Routing\\Router->dispatchToRoute(Object(Illuminate\\Http\\Request))
#38 E:\\Billy\\laravel_volcano_projects\\Royal-details\
ew_royal\\vendor\\laravel\\framework\\src\\Illuminate\\Foundation\\Http\\Kernel.php(170): Illuminate\\Routing\\Router->dispatch(Object(Illuminate\\Http\\Request))
#39 E:\\Billy\\laravel_volcano_projects\\Royal-details\
ew_royal\\vendor\\laravel\\framework\\src\\Illuminate\\Pipeline\\Pipeline.php(130): Illuminate\\Foundation\\Http\\Kernel->Illuminate\\Foundation\\Http\\{closure}(Object(Illuminate\\Http\\Request))
#40 E:\\Billy\\laravel_volcano_projects\\Royal-details\
ew_royal\\vendor\\fideloper\\proxy\\src\\TrustProxies.php(57): Illuminate\\Pipeline\\Pipeline->Illuminate\\Pipeline\\{closure}(Object(Illuminate\\Http\\Request))
#41 E:\\Billy\\laravel_volcano_projects\\Royal-details\
ew_royal\\vendor\\laravel\\framework\\src\\Illuminate\\Pipeline\\Pipeline.php(171): Fideloper\\Proxy\\TrustProxies->handle(Object(Illuminate\\Http\\Request), Object(Closure))
#42 E:\\Billy\\laravel_volcano_projects\\Royal-details\
ew_royal\\vendor\\laravel\\framework\\src\\Illuminate\\Foundation\\Http\\Middleware\\TransformsRequest.php(21): Illuminate\\Pipeline\\Pipeline->Illuminate\\Pipeline\\{closure}(Object(Illuminate\\Http\\Request))
#43 E:\\Billy\\laravel_volcano_projects\\Royal-details\
ew_royal\\vendor\\laravel\\framework\\src\\Illuminate\\Pipeline\\Pipeline.php(171): Illuminate\\Foundation\\Http\\Middleware\\TransformsRequest->handle(Object(Illuminate\\Http\\Request), Object(Closure))
#44 E:\\Billy\\laravel_volcano_projects\\Royal-details\
ew_royal\\vendor\\laravel\\framework\\src\\Illuminate\\Foundation\\Http\\Middleware\\TransformsRequest.php(21): Illuminate\\Pipeline\\Pipeline->Illuminate\\Pipeline\\{closure}(Object(Illuminate\\Http\\Request))
#45 E:\\Billy\\laravel_volcano_projects\\Royal-details\
ew_royal\\vendor\\laravel\\framework\\src\\Illuminate\\Pipeline\\Pipeline.php(171): Illuminate\\Foundation\\Http\\Middleware\\TransformsRequest->handle(Object(Illuminate\\Http\\Request), Object(Closure))
#46 E:\\Billy\\laravel_volcano_projects\\Royal-details\
ew_royal\\vendor\\laravel\\framework\\src\\Illuminate\\Foundation\\Http\\Middleware\\ValidatePostSize.php(27): Illuminate\\Pipeline\\Pipeline->Illuminate\\Pipeline\\{closure}(Object(Illuminate\\Http\\Request))
#47 E:\\Billy\\laravel_volcano_projects\\Royal-details\
ew_royal\\vendor\\laravel\\framework\\src\\Illuminate\\Pipeline\\Pipeline.php(171): Illuminate\\Foundation\\Http\\Middleware\\ValidatePostSize->handle(Object(Illuminate\\Http\\Request), Object(Closure))
#48 E:\\Billy\\laravel_volcano_projects\\Royal-details\
ew_royal\\vendor\\laravel\\framework\\src\\Illuminate\\Foundation\\Http\\Middleware\\CheckForMaintenanceMode.php(63): Illuminate\\Pipeline\\Pipeline->Illuminate\\Pipeline\\{closure}(Object(Illuminate\\Http\\Request))
#49 E:\\Billy\\laravel_volcano_projects\\Royal-details\
ew_royal\\vendor\\laravel\\framework\\src\\Illuminate\\Pipeline\\Pipeline.php(171): Illuminate\\Foundation\\Http\\Middleware\\CheckForMaintenanceMode->handle(Object(Illuminate\\Http\\Request), Object(Closure))
#50 E:\\Billy\\laravel_volcano_projects\\Royal-details\
ew_royal\\vendor\\laravel\\framework\\src\\Illuminate\\Pipeline\\Pipeline.php(105): Illuminate\\Pipeline\\Pipeline->Illuminate\\Pipeline\\{closure}(Object(Illuminate\\Http\\Request))
#51 E:\\Billy\\laravel_volcano_projects\\Royal-details\
ew_royal\\vendor\\laravel\\framework\\src\\Illuminate\\Foundation\\Http\\Kernel.php(145): Illuminate\\Pipeline\\Pipeline->then(Object(Closure))
#52 E:\\Billy\\laravel_volcano_projects\\Royal-details\
ew_royal\\vendor\\laravel\\framework\\src\\Illuminate\\Foundation\\Http\\Kernel.php(110): Illuminate\\Foundation\\Http\\Kernel->sendRequestThroughRouter(Object(Illuminate\\Http\\Request))
#53 E:\\Billy\\laravel_volcano_projects\\Royal-details\
ew_royal\\public\\index.php(55): Illuminate\\Foundation\\Http\\Kernel->handle(Object(Illuminate\\Http\\Request))
#54 E:\\Billy\\laravel_volcano_projects\\Royal-details\
ew_royal\\server.php(21): require_once('E:\\\\Billy\\\\larave...')
#55 {main}

[previous exception] [object] (ErrorException(code: 0): Undefined variable: Session at E:\\Billy\\laravel_volcano_projects\\Royal-details\
ew_royal\\storage\\framework\\views\\ff568a8d2210c35c739573d0551caf95eb6bf9eb.php:251)
[stacktrace]
#0 E:\\Billy\\laravel_volcano_projects\\Royal-details\
ew_royal\\storage\\framework\\views\\ff568a8d2210c35c739573d0551caf95eb6bf9eb.php(251): Illuminate\\Foundation\\Bootstrap\\HandleExceptions->handleError(8, 'Undefined varia...', 'E:\\\\Billy\\\\larave...', 251, Array)
#1 E:\\Billy\\laravel_volcano_projects\\Royal-details\
ew_royal\\vendor\\laravel\\framework\\src\\Illuminate\\View\\Engines\\PhpEngine.php(43): include('E:\\\\Billy\\\\larave...')
#2 E:\\Billy\\laravel_volcano_projects\\Royal-details\
ew_royal\\vendor\\laravel\\framework\\src\\Illuminate\\View\\Engines\\CompilerEngine.php(59): Illuminate\\View\\Engines\\PhpEngine->evaluatePath('E:\\\\Billy\\\\larave...', Array)
#3 E:\\Billy\\laravel_volcano_projects\\Royal-details\
ew_royal\\vendor\\facade\\ignition\\src\\Views\\Engines\\CompilerEngine.php(36): Illuminate\\View\\Engines\\CompilerEngine->get('E:\\\\Billy\\\\larave...', Array)
#4 E:\\Billy\\laravel_volcano_projects\\Royal-details\
ew_royal\\vendor\\laravel\\framework\\src\\Illuminate\\View\\View.php(143): Facade\\Ignition\\Views\\Engines\\CompilerEngine->get('E:\\\\Billy\\\\larave...', Array)
#5 E:\\Billy\\laravel_volcano_projects\\Royal-details\
ew_royal\\vendor\\laravel\\framework\\src\\Illuminate\\View\\View.php(126): Illuminate\\View\\View->getContents()
#6 E:\\Billy\\laravel_volcano_projects\\Royal-details\
ew_royal\\vendor\\laravel\\framework\\src\\Illuminate\\View\\View.php(91): Illuminate\\View\\View->renderContents()
#7 E:\\Billy\\laravel_volcano_projects\\Royal-details\
ew_royal\\vendor\\laravel\\framework\\src\\Illuminate\\Http\\Response.php(42): Illuminate\\View\\View->render()
#8 E:\\Billy\\laravel_volcano_projects\\Royal-details\
ew_royal\\vendor\\symfony\\http-foundation\\Response.php(205): Illuminate\\Http\\Response->setContent(Object(Illuminate\\View\\View))
#9 E:\\Billy\\laravel_volcano_projects\\Royal-details\
ew_royal\\vendor\\laravel\\framework\\src\\Illuminate\\Routing\\Router.php(749): Symfony\\Component\\HttpFoundation\\Response->__construct(Object(Illuminate\\View\\View), 200, Array)
#10 E:\\Billy\\laravel_volcano_projects\\Royal-details\
ew_royal\\vendor\\laravel\\framework\\src\\Illuminate\\Routing\\Router.php(721): Illuminate\\Routing\\Router::toResponse(Object(Illuminate\\Http\\Request), Object(Illuminate\\View\\View))
#11 E:\\Billy\\laravel_volcano_projects\\Royal-details\
ew_royal\\vendor\\laravel\\framework\\src\\Illuminate\\Routing\\Router.php(681): Illuminate\\Routing\\Router->prepareResponse(Object(Illuminate\\Http\\Request), Object(Illuminate\\View\\View))
#12 E:\\Billy\\laravel_volcano_projects\\Royal-details\
ew_royal\\vendor\\laravel\\framework\\src\\Illuminate\\Pipeline\\Pipeline.php(130): Illuminate\\Routing\\Router->Illuminate\\Routing\\{closure}(Object(Illuminate\\Http\\Request))
#13 E:\\Billy\\laravel_volcano_projects\\Royal-details\
ew_royal\\vendor\\mcamara\\laravel-localization\\src\\Mcamara\\LaravelLocalization\\Middleware\\LaravelLocalizationViewPath.php(33): Illuminate\\Pipeline\\Pipeline->Illuminate\\Pipeline\\{closure}(Object(Illuminate\\Http\\Request))
#14 E:\\Billy\\laravel_volcano_projects\\Royal-details\
ew_royal\\vendor\\laravel\\framework\\src\\Illuminate\\Pipeline\\Pipeline.php(171): Mcamara\\LaravelLocalization\\Middleware\\LaravelLocalizationViewPath->handle(Object(Illuminate\\Http\\Request), Object(Closure))
#15 E:\\Billy\\laravel_volcano_projects\\Royal-details\
ew_royal\\vendor\\mcamara\\laravel-localization\\src\\Mcamara\\LaravelLocalization\\Middleware\\LaravelLocalizationRedirectFilter.php(45): Illuminate\\Pipeline\\Pipeline->Illuminate\\Pipeline\\{closure}(Object(Illuminate\\Http\\Request))
#16 E:\\Billy\\laravel_volcano_projects\\Royal-details\
ew_royal\\vendor\\laravel\\framework\\src\\Illuminate\\Pipeline\\Pipeline.php(171): Mcamara\\LaravelLocalization\\Middleware\\LaravelLocalizationRedirectFilter->handle(Object(Illuminate\\Http\\Request), Object(Closure))
#17 E:\\Billy\\laravel_volcano_projects\\Royal-details\
ew_royal\\vendor\\mcamara\\laravel-localization\\src\\Mcamara\\LaravelLocalization\\Middleware\\LocaleSessionRedirect.php(32): Illuminate\\Pipeline\\Pipeline->Illuminate\\Pipeline\\{closure}(Object(Illuminate\\Http\\Request))
#18 E:\\Billy\\laravel_volcano_projects\\Royal-details\
ew_royal\\vendor\\laravel\\framework\\src\\Illuminate\\Pipeline\\Pipeline.php(171): Mcamara\\LaravelLocalization\\Middleware\\LocaleSessionRedirect->handle(Object(Illuminate\\Http\\Request), Object(Closure))
#19 E:\\Billy\\laravel_volcano_projects\\Royal-details\
ew_royal\\vendor\\avored\\framework\\src\\Support\\Middleware\\AvoRedCore.php(36): Illuminate\\Pipeline\\Pipeline->Illuminate\\Pipeline\\{closure}(Object(Illuminate\\Http\\Request))
#20 E:\\Billy\\laravel_volcano_projects\\Royal-details\
ew_royal\\vendor\\laravel\\framework\\src\\Illuminate\\Pipeline\\Pipeline.php(171): AvoRed\\Framework\\Support\\Middleware\\AvoRedCore->handle(Object(Illuminate\\Http\\Request), Object(Closure))
#21 E:\\Billy\\laravel_volcano_projects\\Royal-details\
ew_royal\\vendor\\laravel\\framework\\src\\Illuminate\\Routing\\Middleware\\SubstituteBindings.php(41): Illuminate\\Pipeline\\Pipeline->Illuminate\\Pipeline\\{closure}(Object(Illuminate\\Http\\Request))
#22 E:\\Billy\\laravel_volcano_projects\\Royal-details\
ew_royal\\vendor\\laravel\\framework\\src\\Illuminate\\Pipeline\\Pipeline.php(171): Illuminate\\Routing\\Middleware\\SubstituteBindings->handle(Object(Illuminate\\Http\\Request), Object(Closure))
#23 E:\\Billy\\laravel_volcano_projects\\Royal-details\
ew_royal\\vendor\\laravel\\framework\\src\\Illuminate\\Foundation\\Http\\Middleware\\VerifyCsrfToken.php(76): Illuminate\\Pipeline\\Pipeline->Illuminate\\Pipeline\\{closure}(Object(Illuminate\\Http\\Request))
#24 E:\\Billy\\laravel_volcano_projects\\Royal-details\
ew_royal\\vendor\\laravel\\framework\\src\\Illuminate\\Pipeline\\Pipeline.php(171): Illuminate\\Foundation\\Http\\Middleware\\VerifyCsrfToken->handle(Object(Illuminate\\Http\\Request), Object(Closure))
#25 E:\\Billy\\laravel_volcano_projects\\Royal-details\
ew_royal\\vendor\\laravel\\framework\\src\\Illuminate\\View\\Middleware\\ShareErrorsFromSession.php(49): Illuminate\\Pipeline\\Pipeline->Illuminate\\Pipeline\\{closure}(Object(Illuminate\\Http\\Request))
#26 E:\\Billy\\laravel_volcano_projects\\Royal-details\
ew_royal\\vendor\\laravel\\framework\\src\\Illuminate\\Pipeline\\Pipeline.php(171): Illuminate\\View\\Middleware\\ShareErrorsFromSession->handle(Object(Illuminate\\Http\\Request), Object(Closure))
#27 E:\\Billy\\laravel_volcano_projects\\Royal-details\
ew_royal\\vendor\\laravel\\framework\\src\\Illuminate\\Session\\Middleware\\StartSession.php(56): Illuminate\\Pipeline\\Pipeline->Illuminate\\Pipeline\\{closure}(Object(Illuminate\\Http\\Request))
#28 E:\\Billy\\laravel_volcano_projects\\Royal-details\
ew_royal\\vendor\\laravel\\framework\\src\\Illuminate\\Pipeline\\Pipeline.php(171): Illuminate\\Session\\Middleware\\StartSession->handle(Object(Illuminate\\Http\\Request), Object(Closure))
#29 E:\\Billy\\laravel_volcano_projects\\Royal-details\
ew_royal\\vendor\\laravel\\framework\\src\\Illuminate\\Cookie\\Middleware\\AddQueuedCookiesToResponse.php(37): Illuminate\\Pipeline\\Pipeline->Illuminate\\Pipeline\\{closure}(Object(Illuminate\\Http\\Request))
#30 E:\\Billy\\laravel_volcano_projects\\Royal-details\
ew_royal\\vendor\\laravel\\framework\\src\\Illuminate\\Pipeline\\Pipeline.php(171): Illuminate\\Cookie\\Middleware\\AddQueuedCookiesToResponse->handle(Object(Illuminate\\Http\\Request), Object(Closure))
#31 E:\\Billy\\laravel_volcano_projects\\Royal-details\
ew_royal\\vendor\\laravel\\framework\\src\\Illuminate\\Cookie\\Middleware\\EncryptCookies.php(66): Illuminate\\Pipeline\\Pipeline->Illuminate\\Pipeline\\{closure}(Object(Illuminate\\Http\\Request))
#32 E:\\Billy\\laravel_volcano_projects\\Royal-details\
ew_royal\\vendor\\laravel\\framework\\src\\Illuminate\\Pipeline\\Pipeline.php(171): Illuminate\\Cookie\\Middleware\\EncryptCookies->handle(Object(Illuminate\\Http\\Request), Object(Closure))
#33 E:\\Billy\\laravel_volcano_projects\\Royal-details\
ew_royal\\vendor\\laravel\\framework\\src\\Illuminate\\Pipeline\\Pipeline.php(105): Illuminate\\Pipeline\\Pipeline->Illuminate\\Pipeline\\{closure}(Object(Illuminate\\Http\\Request))
#34 E:\\Billy\\laravel_volcano_projects\\Royal-details\
ew_royal\\vendor\\laravel\\framework\\src\\Illuminate\\Routing\\Router.php(683): Illuminate\\Pipeline\\Pipeline->then(Object(Closure))
#35 E:\\Billy\\laravel_volcano_projects\\Royal-details\
ew_royal\\vendor\\laravel\\framework\\src\\Illuminate\\Routing\\Router.php(658): Illuminate\\Routing\\Router->runRouteWithinStack(Object(Illuminate\\Routing\\Route), Object(Illuminate\\Http\\Request))
#36 E:\\Billy\\laravel_volcano_projects\\Royal-details\
ew_royal\\vendor\\laravel\\framework\\src\\Illuminate\\Routing\\Router.php(624): Illuminate\\Routing\\Router->runRoute(Object(Illuminate\\Http\\Request), Object(Illuminate\\Routing\\Route))
#37 E:\\Billy\\laravel_volcano_projects\\Royal-details\
ew_royal\\vendor\\laravel\\framework\\src\\Illuminate\\Routing\\Router.php(613): Illuminate\\Routing\\Router->dispatchToRoute(Object(Illuminate\\Http\\Request))
#38 E:\\Billy\\laravel_volcano_projects\\Royal-details\
ew_royal\\vendor\\laravel\\framework\\src\\Illuminate\\Foundation\\Http\\Kernel.php(170): Illuminate\\Routing\\Router->dispatch(Object(Illuminate\\Http\\Request))
#39 E:\\Billy\\laravel_volcano_projects\\Royal-details\
ew_royal\\vendor\\laravel\\framework\\src\\Illuminate\\Pipeline\\Pipeline.php(130): Illuminate\\Foundation\\Http\\Kernel->Illuminate\\Foundation\\Http\\{closure}(Object(Illuminate\\Http\\Request))
#40 E:\\Billy\\laravel_volcano_projects\\Royal-details\
ew_royal\\vendor\\fideloper\\proxy\\src\\TrustProxies.php(57): Illuminate\\Pipeline\\Pipeline->Illuminate\\Pipeline\\{closure}(Object(Illuminate\\Http\\Request))
#41 E:\\Billy\\laravel_volcano_projects\\Royal-details\
ew_royal\\vendor\\laravel\\framework\\src\\Illuminate\\Pipeline\\Pipeline.php(171): Fideloper\\Proxy\\TrustProxies->handle(Object(Illuminate\\Http\\Request), Object(Closure))
#42 E:\\Billy\\laravel_volcano_projects\\Royal-details\
ew_royal\\vendor\\laravel\\framework\\src\\Illuminate\\Foundation\\Http\\Middleware\\TransformsRequest.php(21): Illuminate\\Pipeline\\Pipeline->Illuminate\\Pipeline\\{closure}(Object(Illuminate\\Http\\Request))
#43 E:\\Billy\\laravel_volcano_projects\\Royal-details\
ew_royal\\vendor\\laravel\\framework\\src\\Illuminate\\Pipeline\\Pipeline.php(171): Illuminate\\Foundation\\Http\\Middleware\\TransformsRequest->handle(Object(Illuminate\\Http\\Request), Object(Closure))
#44 E:\\Billy\\laravel_volcano_projects\\Royal-details\
ew_royal\\vendor\\laravel\\framework\\src\\Illuminate\\Foundation\\Http\\Middleware\\TransformsRequest.php(21): Illuminate\\Pipeline\\Pipeline->Illuminate\\Pipeline\\{closure}(Object(Illuminate\\Http\\Request))
#45 E:\\Billy\\laravel_volcano_projects\\Royal-details\
ew_royal\\vendor\\laravel\\framework\\src\\Illuminate\\Pipeline\\Pipeline.php(171): Illuminate\\Foundation\\Http\\Middleware\\TransformsRequest->handle(Object(Illuminate\\Http\\Request), Object(Closure))
#46 E:\\Billy\\laravel_volcano_projects\\Royal-details\
ew_royal\\vendor\\laravel\\framework\\src\\Illuminate\\Foundation\\Http\\Middleware\\ValidatePostSize.php(27): Illuminate\\Pipeline\\Pipeline->Illuminate\\Pipeline\\{closure}(Object(Illuminate\\Http\\Request))
#47 E:\\Billy\\laravel_volcano_projects\\Royal-details\
ew_royal\\vendor\\laravel\\framework\\src\\Illuminate\\Pipeline\\Pipeline.php(171): Illuminate\\Foundation\\Http\\Middleware\\ValidatePostSize->handle(Object(Illuminate\\Http\\Request), Object(Closure))
#48 E:\\Billy\\laravel_volcano_projects\\Royal-details\
ew_royal\\vendor\\laravel\\framework\\src\\Illuminate\\Foundation\\Http\\Middleware\\CheckForMaintenanceMode.php(63): Illuminate\\Pipeline\\Pipeline->Illuminate\\Pipeline\\{closure}(Object(Illuminate\\Http\\Request))
#49 E:\\Billy\\laravel_volcano_projects\\Royal-details\
ew_royal\\vendor\\laravel\\framework\\src\\Illuminate\\Pipeline\\Pipeline.php(171): Illuminate\\Foundation\\Http\\Middleware\\CheckForMaintenanceMode->handle(Object(Illuminate\\Http\\Request), Object(Closure))
#50 E:\\Billy\\laravel_volcano_projects\\Royal-details\
ew_royal\\vendor\\laravel\\framework\\src\\Illuminate\\Pipeline\\Pipeline.php(105): Illuminate\\Pipeline\\Pipeline->Illuminate\\Pipeline\\{closure}(Object(Illuminate\\Http\\Request))
#51 E:\\Billy\\laravel_volcano_projects\\Royal-details\
ew_royal\\vendor\\laravel\\framework\\src\\Illuminate\\Foundation\\Http\\Kernel.php(145): Illuminate\\Pipeline\\Pipeline->then(Object(Closure))
#52 E:\\Billy\\laravel_volcano_projects\\Royal-details\
ew_royal\\vendor\\laravel\\framework\\src\\Illuminate\\Foundation\\Http\\Kernel.php(110): Illuminate\\Foundation\\Http\\Kernel->sendRequestThroughRouter(Object(Illuminate\\Http\\Request))
#53 E:\\Billy\\laravel_volcano_projects\\Royal-details\
ew_royal\\public\\index.php(55): Illuminate\\Foundation\\Http\\Kernel->handle(Object(Illuminate\\Http\\Request))
#54 E:\\Billy\\laravel_volcano_projects\\Royal-details\
ew_royal\\server.php(21): require_once('E:\\\\Billy\\\\larave...')
#55 {main}
"} 
[2021-01-18 11:05:06] local.ERROR: syntax error, unexpected ';', expecting ')' (View: E:\Billy\laravel_volcano_projects\Royal-details\new_royal\resources\views\blades\freeAds.blade.php) {"userId":3,"exception":"[object] (Facade\\Ignition\\Exceptions\\ViewException(code: 0): syntax error, unexpected ';', expecting ')' (View: E:\\Billy\\laravel_volcano_projects\\Royal-details\
ew_royal\esources\\views\\blades\\freeAds.blade.php) at E:\\Billy\\laravel_volcano_projects\\Royal-details\
ew_royal\esources\\views/blades/freeAds.blade.php:1669)
[stacktrace]
#0 E:\\Billy\\laravel_volcano_projects\\Royal-details\
ew_royal\\vendor\\laravel\\framework\\src\\Illuminate\\View\\Engines\\CompilerEngine.php(59): Illuminate\\View\\Engines\\PhpEngine->evaluatePath('E:\\\\Billy\\\\larave...', Array)
#1 E:\\Billy\\laravel_volcano_projects\\Royal-details\
ew_royal\\vendor\\facade\\ignition\\src\\Views\\Engines\\CompilerEngine.php(36): Illuminate\\View\\Engines\\CompilerEngine->get('E:\\\\Billy\\\\larave...', Array)
#2 E:\\Billy\\laravel_volcano_projects\\Royal-details\
ew_royal\\vendor\\laravel\\framework\\src\\Illuminate\\View\\View.php(143): Facade\\Ignition\\Views\\Engines\\CompilerEngine->get('E:\\\\Billy\\\\larave...', Array)
#3 E:\\Billy\\laravel_volcano_projects\\Royal-details\
ew_royal\\vendor\\laravel\\framework\\src\\Illuminate\\View\\View.php(126): Illuminate\\View\\View->getContents()
#4 E:\\Billy\\laravel_volcano_projects\\Royal-details\
ew_royal\\vendor\\laravel\\framework\\src\\Illuminate\\View\\View.php(91): Illuminate\\View\\View->renderContents()
#5 E:\\Billy\\laravel_volcano_projects\\Royal-details\
ew_royal\\vendor\\laravel\\framework\\src\\Illuminate\\Http\\Response.php(42): Illuminate\\View\\View->render()
#6 E:\\Billy\\laravel_volcano_projects\\Royal-details\
ew_royal\\vendor\\symfony\\http-foundation\\Response.php(205): Illuminate\\Http\\Response->setContent(Object(Illuminate\\View\\View))
#7 E:\\Billy\\laravel_volcano_projects\\Royal-details\
ew_royal\\vendor\\laravel\\framework\\src\\Illuminate\\Routing\\Router.php(749): Symfony\\Component\\HttpFoundation\\Response->__construct(Object(Illuminate\\View\\View), 200, Array)
#8 E:\\Billy\\laravel_volcano_projects\\Royal-details\
ew_royal\\vendor\\laravel\\framework\\src\\Illuminate\\Routing\\Router.php(721): Illuminate\\Routing\\Router::toResponse(Object(Illuminate\\Http\\Request), Object(Illuminate\\View\\View))
#9 E:\\Billy\\laravel_volcano_projects\\Royal-details\
ew_royal\\vendor\\laravel\\framework\\src\\Illuminate\\Routing\\Router.php(681): Illuminate\\Routing\\Router->prepareResponse(Object(Illuminate\\Http\\Request), Object(Illuminate\\View\\View))
#10 E:\\Billy\\laravel_volcano_projects\\Royal-details\
ew_royal\\vendor\\laravel\\framework\\src\\Illuminate\\Pipeline\\Pipeline.php(130): Illuminate\\Routing\\Router->Illuminate\\Routing\\{closure}(Object(Illuminate\\Http\\Request))
#11 E:\\Billy\\laravel_volcano_projects\\Royal-details\
ew_royal\\vendor\\mcamara\\laravel-localization\\src\\Mcamara\\LaravelLocalization\\Middleware\\LaravelLocalizationViewPath.php(33): Illuminate\\Pipeline\\Pipeline->Illuminate\\Pipeline\\{closure}(Object(Illuminate\\Http\\Request))
#12 E:\\Billy\\laravel_volcano_projects\\Royal-details\
ew_royal\\vendor\\laravel\\framework\\src\\Illuminate\\Pipeline\\Pipeline.php(171): Mcamara\\LaravelLocalization\\Middleware\\LaravelLocalizationViewPath->handle(Object(Illuminate\\Http\\Request), Object(Closure))
#13 E:\\Billy\\laravel_volcano_projects\\Royal-details\
ew_royal\\vendor\\mcamara\\laravel-localization\\src\\Mcamara\\LaravelLocalization\\Middleware\\LaravelLocalizationRedirectFilter.php(45): Illuminate\\Pipeline\\Pipeline->Illuminate\\Pipeline\\{closure}(Object(Illuminate\\Http\\Request))
#14 E:\\Billy\\laravel_volcano_projects\\Royal-details\
ew_royal\\vendor\\laravel\\framework\\src\\Illuminate\\Pipeline\\Pipeline.php(171): Mcamara\\LaravelLocalization\\Middleware\\LaravelLocalizationRedirectFilter->handle(Object(Illuminate\\Http\\Request), Object(Closure))
#15 E:\\Billy\\laravel_volcano_projects\\Royal-details\
ew_royal\\vendor\\mcamara\\laravel-localization\\src\\Mcamara\\LaravelLocalization\\Middleware\\LocaleSessionRedirect.php(32): Illuminate\\Pipeline\\Pipeline->Illuminate\\Pipeline\\{closure}(Object(Illuminate\\Http\\Request))
#16 E:\\Billy\\laravel_volcano_projects\\Royal-details\
ew_royal\\vendor\\laravel\\framework\\src\\Illuminate\\Pipeline\\Pipeline.php(171): Mcamara\\LaravelLocalization\\Middleware\\LocaleSessionRedirect->handle(Object(Illuminate\\Http\\Request), Object(Closure))
#17 E:\\Billy\\laravel_volcano_projects\\Royal-details\
ew_royal\\vendor\\avored\\framework\\src\\Support\\Middleware\\AvoRedCore.php(36): Illuminate\\Pipeline\\Pipeline->Illuminate\\Pipeline\\{closure}(Object(Illuminate\\Http\\Request))
#18 E:\\Billy\\laravel_volcano_projects\\Royal-details\
ew_royal\\vendor\\laravel\\framework\\src\\Illuminate\\Pipeline\\Pipeline.php(171): AvoRed\\Framework\\Support\\Middleware\\AvoRedCore->handle(Object(Illuminate\\Http\\Request), Object(Closure))
#19 E:\\Billy\\laravel_volcano_projects\\Royal-details\
ew_royal\\vendor\\laravel\\framework\\src\\Illuminate\\Routing\\Middleware\\SubstituteBindings.php(41): Illuminate\\Pipeline\\Pipeline->Illuminate\\Pipeline\\{closure}(Object(Illuminate\\Http\\Request))
#20 E:\\Billy\\laravel_volcano_projects\\Royal-details\
ew_royal\\vendor\\laravel\\framework\\src\\Illuminate\\Pipeline\\Pipeline.php(171): Illuminate\\Routing\\Middleware\\SubstituteBindings->handle(Object(Illuminate\\Http\\Request), Object(Closure))
#21 E:\\Billy\\laravel_volcano_projects\\Royal-details\
ew_royal\\vendor\\laravel\\framework\\src\\Illuminate\\Foundation\\Http\\Middleware\\VerifyCsrfToken.php(76): Illuminate\\Pipeline\\Pipeline->Illuminate\\Pipeline\\{closure}(Object(Illuminate\\Http\\Request))
#22 E:\\Billy\\laravel_volcano_projects\\Royal-details\
ew_royal\\vendor\\laravel\\framework\\src\\Illuminate\\Pipeline\\Pipeline.php(171): Illuminate\\Foundation\\Http\\Middleware\\VerifyCsrfToken->handle(Object(Illuminate\\Http\\Request), Object(Closure))
#23 E:\\Billy\\laravel_volcano_projects\\Royal-details\
ew_royal\\vendor\\laravel\\framework\\src\\Illuminate\\View\\Middleware\\ShareErrorsFromSession.php(49): Illuminate\\Pipeline\\Pipeline->Illuminate\\Pipeline\\{closure}(Object(Illuminate\\Http\\Request))
#24 E:\\Billy\\laravel_volcano_projects\\Royal-details\
ew_royal\\vendor\\laravel\\framework\\src\\Illuminate\\Pipeline\\Pipeline.php(171): Illuminate\\View\\Middleware\\ShareErrorsFromSession->handle(Object(Illuminate\\Http\\Request), Object(Closure))
#25 E:\\Billy\\laravel_volcano_projects\\Royal-details\
ew_royal\\vendor\\laravel\\framework\\src\\Illuminate\\Session\\Middleware\\StartSession.php(56): Illuminate\\Pipeline\\Pipeline->Illuminate\\Pipeline\\{closure}(Object(Illuminate\\Http\\Request))
#26 E:\\Billy\\laravel_volcano_projects\\Royal-details\
ew_royal\\vendor\\laravel\\framework\\src\\Illuminate\\Pipeline\\Pipeline.php(171): Illuminate\\Session\\Middleware\\StartSession->handle(Object(Illuminate\\Http\\Request), Object(Closure))
#27 E:\\Billy\\laravel_volcano_projects\\Royal-details\
ew_royal\\vendor\\laravel\\framework\\src\\Illuminate\\Cookie\\Middleware\\AddQueuedCookiesToResponse.php(37): Illuminate\\Pipeline\\Pipeline->Illuminate\\Pipeline\\{closure}(Object(Illuminate\\Http\\Request))
#28 E:\\Billy\\laravel_volcano_projects\\Royal-details\
ew_royal\\vendor\\laravel\\framework\\src\\Illuminate\\Pipeline\\Pipeline.php(171): Illuminate\\Cookie\\Middleware\\AddQueuedCookiesToResponse->handle(Object(Illuminate\\Http\\Request), Object(Closure))
#29 E:\\Billy\\laravel_volcano_projects\\Royal-details\
ew_royal\\vendor\\laravel\\framework\\src\\Illuminate\\Cookie\\Middleware\\EncryptCookies.php(66): Illuminate\\Pipeline\\Pipeline->Illuminate\\Pipeline\\{closure}(Object(Illuminate\\Http\\Request))
#30 E:\\Billy\\laravel_volcano_projects\\Royal-details\
ew_royal\\vendor\\laravel\\framework\\src\\Illuminate\\Pipeline\\Pipeline.php(171): Illuminate\\Cookie\\Middleware\\EncryptCookies->handle(Object(Illuminate\\Http\\Request), Object(Closure))
#31 E:\\Billy\\laravel_volcano_projects\\Royal-details\
ew_royal\\vendor\\laravel\\framework\\src\\Illuminate\\Pipeline\\Pipeline.php(105): Illuminate\\Pipeline\\Pipeline->Illuminate\\Pipeline\\{closure}(Object(Illuminate\\Http\\Request))
#32 E:\\Billy\\laravel_volcano_projects\\Royal-details\
ew_royal\\vendor\\laravel\\framework\\src\\Illuminate\\Routing\\Router.php(683): Illuminate\\Pipeline\\Pipeline->then(Object(Closure))
#33 E:\\Billy\\laravel_volcano_projects\\Royal-details\
ew_royal\\vendor\\laravel\\framework\\src\\Illuminate\\Routing\\Router.php(658): Illuminate\\Routing\\Router->runRouteWithinStack(Object(Illuminate\\Routing\\Route), Object(Illuminate\\Http\\Request))
#34 E:\\Billy\\laravel_volcano_projects\\Royal-details\
ew_royal\\vendor\\laravel\\framework\\src\\Illuminate\\Routing\\Router.php(624): Illuminate\\Routing\\Router->runRoute(Object(Illuminate\\Http\\Request), Object(Illuminate\\Routing\\Route))
#35 E:\\Billy\\laravel_volcano_projects\\Royal-details\
ew_royal\\vendor\\laravel\\framework\\src\\Illuminate\\Routing\\Router.php(613): Illuminate\\Routing\\Router->dispatchToRoute(Object(Illuminate\\Http\\Request))
#36 E:\\Billy\\laravel_volcano_projects\\Royal-details\
ew_royal\\vendor\\laravel\\framework\\src\\Illuminate\\Foundation\\Http\\Kernel.php(170): Illuminate\\Routing\\Router->dispatch(Object(Illuminate\\Http\\Request))
#37 E:\\Billy\\laravel_volcano_projects\\Royal-details\
ew_royal\\vendor\\laravel\\framework\\src\\Illuminate\\Pipeline\\Pipeline.php(130): Illuminate\\Foundation\\Http\\Kernel->Illuminate\\Foundation\\Http\\{closure}(Object(Illuminate\\Http\\Request))
#38 E:\\Billy\\laravel_volcano_projects\\Royal-details\
ew_royal\\vendor\\fideloper\\proxy\\src\\TrustProxies.php(57): Illuminate\\Pipeline\\Pipeline->Illuminate\\Pipeline\\{closure}(Object(Illuminate\\Http\\Request))
#39 E:\\Billy\\laravel_volcano_projects\\Royal-details\
ew_royal\\vendor\\laravel\\framework\\src\\Illuminate\\Pipeline\\Pipeline.php(171): Fideloper\\Proxy\\TrustProxies->handle(Object(Illuminate\\Http\\Request), Object(Closure))
#40 E:\\Billy\\laravel_volcano_projects\\Royal-details\
ew_royal\\vendor\\laravel\\framework\\src\\Illuminate\\Foundation\\Http\\Middleware\\TransformsRequest.php(21): Illuminate\\Pipeline\\Pipeline->Illuminate\\Pipeline\\{closure}(Object(Illuminate\\Http\\Request))
#41 E:\\Billy\\laravel_volcano_projects\\Royal-details\
ew_royal\\vendor\\laravel\\framework\\src\\Illuminate\\Pipeline\\Pipeline.php(171): Illuminate\\Foundation\\Http\\Middleware\\TransformsRequest->handle(Object(Illuminate\\Http\\Request), Object(Closure))
#42 E:\\Billy\\laravel_volcano_projects\\Royal-details\
ew_royal\\vendor\\laravel\\framework\\src\\Illuminate\\Foundation\\Http\\Middleware\\TransformsRequest.php(21): Illuminate\\Pipeline\\Pipeline->Illuminate\\Pipeline\\{closure}(Object(Illuminate\\Http\\Request))
#43 E:\\Billy\\laravel_volcano_projects\\Royal-details\
ew_royal\\vendor\\laravel\\framework\\src\\Illuminate\\Pipeline\\Pipeline.php(171): Illuminate\\Foundation\\Http\\Middleware\\TransformsRequest->handle(Object(Illuminate\\Http\\Request), Object(Closure))
#44 E:\\Billy\\laravel_volcano_projects\\Royal-details\
ew_royal\\vendor\\laravel\\framework\\src\\Illuminate\\Foundation\\Http\\Middleware\\ValidatePostSize.php(27): Illuminate\\Pipeline\\Pipeline->Illuminate\\Pipeline\\{closure}(Object(Illuminate\\Http\\Request))
#45 E:\\Billy\\laravel_volcano_projects\\Royal-details\
ew_royal\\vendor\\laravel\\framework\\src\\Illuminate\\Pipeline\\Pipeline.php(171): Illuminate\\Foundation\\Http\\Middleware\\ValidatePostSize->handle(Object(Illuminate\\Http\\Request), Object(Closure))
#46 E:\\Billy\\laravel_volcano_projects\\Royal-details\
ew_royal\\vendor\\laravel\\framework\\src\\Illuminate\\Foundation\\Http\\Middleware\\CheckForMaintenanceMode.php(63): Illuminate\\Pipeline\\Pipeline->Illuminate\\Pipeline\\{closure}(Object(Illuminate\\Http\\Request))
#47 E:\\Billy\\laravel_volcano_projects\\Royal-details\
ew_royal\\vendor\\laravel\\framework\\src\\Illuminate\\Pipeline\\Pipeline.php(171): Illuminate\\Foundation\\Http\\Middleware\\CheckForMaintenanceMode->handle(Object(Illuminate\\Http\\Request), Object(Closure))
#48 E:\\Billy\\laravel_volcano_projects\\Royal-details\
ew_royal\\vendor\\laravel\\framework\\src\\Illuminate\\Pipeline\\Pipeline.php(105): Illuminate\\Pipeline\\Pipeline->Illuminate\\Pipeline\\{closure}(Object(Illuminate\\Http\\Request))
#49 E:\\Billy\\laravel_volcano_projects\\Royal-details\
ew_royal\\vendor\\laravel\\framework\\src\\Illuminate\\Foundation\\Http\\Kernel.php(145): Illuminate\\Pipeline\\Pipeline->then(Object(Closure))
#50 E:\\Billy\\laravel_volcano_projects\\Royal-details\
ew_royal\\vendor\\laravel\\framework\\src\\Illuminate\\Foundation\\Http\\Kernel.php(110): Illuminate\\Foundation\\Http\\Kernel->sendRequestThroughRouter(Object(Illuminate\\Http\\Request))
#51 E:\\Billy\\laravel_volcano_projects\\Royal-details\
ew_royal\\public\\index.php(55): Illuminate\\Foundation\\Http\\Kernel->handle(Object(Illuminate\\Http\\Request))
#52 E:\\Billy\\laravel_volcano_projects\\Royal-details\
ew_royal\\server.php(21): require_once('E:\\\\Billy\\\\larave...')
#53 {main}

[previous exception] [object] (Symfony\\Component\\Debug\\Exception\\FatalThrowableError(code: 0): syntax error, unexpected ';', expecting ')' at E:\\Billy\\laravel_volcano_projects\\Royal-details\
ew_royal\\storage\\framework\\views\\ff568a8d2210c35c739573d0551caf95eb6bf9eb.php:1669)
[stacktrace]
#0 E:\\Billy\\laravel_volcano_projects\\Royal-details\
ew_royal\\vendor\\laravel\\framework\\src\\Illuminate\\View\\Engines\\CompilerEngine.php(59): Illuminate\\View\\Engines\\PhpEngine->evaluatePath('E:\\\\Billy\\\\larave...', Array)
#1 E:\\Billy\\laravel_volcano_projects\\Royal-details\
ew_royal\\vendor\\facade\\ignition\\src\\Views\\Engines\\CompilerEngine.php(36): Illuminate\\View\\Engines\\CompilerEngine->get('E:\\\\Billy\\\\larave...', Array)
#2 E:\\Billy\\laravel_volcano_projects\\Royal-details\
ew_royal\\vendor\\laravel\\framework\\src\\Illuminate\\View\\View.php(143): Facade\\Ignition\\Views\\Engines\\CompilerEngine->get('E:\\\\Billy\\\\larave...', Array)
#3 E:\\Billy\\laravel_volcano_projects\\Royal-details\
ew_royal\\vendor\\laravel\\framework\\src\\Illuminate\\View\\View.php(126): Illuminate\\View\\View->getContents()
#4 E:\\Billy\\laravel_volcano_projects\\Royal-details\
ew_royal\\vendor\\laravel\\framework\\src\\Illuminate\\View\\View.php(91): Illuminate\\View\\View->renderContents()
#5 E:\\Billy\\laravel_volcano_projects\\Royal-details\
ew_royal\\vendor\\laravel\\framework\\src\\Illuminate\\Http\\Response.php(42): Illuminate\\View\\View->render()
#6 E:\\Billy\\laravel_volcano_projects\\Royal-details\
ew_royal\\vendor\\symfony\\http-foundation\\Response.php(205): Illuminate\\Http\\Response->setContent(Object(Illuminate\\View\\View))
#7 E:\\Billy\\laravel_volcano_projects\\Royal-details\
ew_royal\\vendor\\laravel\\framework\\src\\Illuminate\\Routing\\Router.php(749): Symfony\\Component\\HttpFoundation\\Response->__construct(Object(Illuminate\\View\\View), 200, Array)
#8 E:\\Billy\\laravel_volcano_projects\\Royal-details\
ew_royal\\vendor\\laravel\\framework\\src\\Illuminate\\Routing\\Router.php(721): Illuminate\\Routing\\Router::toResponse(Object(Illuminate\\Http\\Request), Object(Illuminate\\View\\View))
#9 E:\\Billy\\laravel_volcano_projects\\Royal-details\
ew_royal\\vendor\\laravel\\framework\\src\\Illuminate\\Routing\\Router.php(681): Illuminate\\Routing\\Router->prepareResponse(Object(Illuminate\\Http\\Request), Object(Illuminate\\View\\View))
#10 E:\\Billy\\laravel_volcano_projects\\Royal-details\
ew_royal\\vendor\\laravel\\framework\\src\\Illuminate\\Pipeline\\Pipeline.php(130): Illuminate\\Routing\\Router->Illuminate\\Routing\\{closure}(Object(Illuminate\\Http\\Request))
#11 E:\\Billy\\laravel_volcano_projects\\Royal-details\
ew_royal\\vendor\\mcamara\\laravel-localization\\src\\Mcamara\\LaravelLocalization\\Middleware\\LaravelLocalizationViewPath.php(33): Illuminate\\Pipeline\\Pipeline->Illuminate\\Pipeline\\{closure}(Object(Illuminate\\Http\\Request))
#12 E:\\Billy\\laravel_volcano_projects\\Royal-details\
ew_royal\\vendor\\laravel\\framework\\src\\Illuminate\\Pipeline\\Pipeline.php(171): Mcamara\\LaravelLocalization\\Middleware\\LaravelLocalizationViewPath->handle(Object(Illuminate\\Http\\Request), Object(Closure))
#13 E:\\Billy\\laravel_volcano_projects\\Royal-details\
ew_royal\\vendor\\mcamara\\laravel-localization\\src\\Mcamara\\LaravelLocalization\\Middleware\\LaravelLocalizationRedirectFilter.php(45): Illuminate\\Pipeline\\Pipeline->Illuminate\\Pipeline\\{closure}(Object(Illuminate\\Http\\Request))
#14 E:\\Billy\\laravel_volcano_projects\\Royal-details\
ew_royal\\vendor\\laravel\\framework\\src\\Illuminate\\Pipeline\\Pipeline.php(171): Mcamara\\LaravelLocalization\\Middleware\\LaravelLocalizationRedirectFilter->handle(Object(Illuminate\\Http\\Request), Object(Closure))
#15 E:\\Billy\\laravel_volcano_projects\\Royal-details\
ew_royal\\vendor\\mcamara\\laravel-localization\\src\\Mcamara\\LaravelLocalization\\Middleware\\LocaleSessionRedirect.php(32): Illuminate\\Pipeline\\Pipeline->Illuminate\\Pipeline\\{closure}(Object(Illuminate\\Http\\Request))
#16 E:\\Billy\\laravel_volcano_projects\\Royal-details\
ew_royal\\vendor\\laravel\\framework\\src\\Illuminate\\Pipeline\\Pipeline.php(171): Mcamara\\LaravelLocalization\\Middleware\\LocaleSessionRedirect->handle(Object(Illuminate\\Http\\Request), Object(Closure))
#17 E:\\Billy\\laravel_volcano_projects\\Royal-details\
ew_royal\\vendor\\avored\\framework\\src\\Support\\Middleware\\AvoRedCore.php(36): Illuminate\\Pipeline\\Pipeline->Illuminate\\Pipeline\\{closure}(Object(Illuminate\\Http\\Request))
#18 E:\\Billy\\laravel_volcano_projects\\Royal-details\
ew_royal\\vendor\\laravel\\framework\\src\\Illuminate\\Pipeline\\Pipeline.php(171): AvoRed\\Framework\\Support\\Middleware\\AvoRedCore->handle(Object(Illuminate\\Http\\Request), Object(Closure))
#19 E:\\Billy\\laravel_volcano_projects\\Royal-details\
ew_royal\\vendor\\laravel\\framework\\src\\Illuminate\\Routing\\Middleware\\SubstituteBindings.php(41): Illuminate\\Pipeline\\Pipeline->Illuminate\\Pipeline\\{closure}(Object(Illuminate\\Http\\Request))
#20 E:\\Billy\\laravel_volcano_projects\\Royal-details\
ew_royal\\vendor\\laravel\\framework\\src\\Illuminate\\Pipeline\\Pipeline.php(171): Illuminate\\Routing\\Middleware\\SubstituteBindings->handle(Object(Illuminate\\Http\\Request), Object(Closure))
#21 E:\\Billy\\laravel_volcano_projects\\Royal-details\
ew_royal\\vendor\\laravel\\framework\\src\\Illuminate\\Foundation\\Http\\Middleware\\VerifyCsrfToken.php(76): Illuminate\\Pipeline\\Pipeline->Illuminate\\Pipeline\\{closure}(Object(Illuminate\\Http\\Request))
#22 E:\\Billy\\laravel_volcano_projects\\Royal-details\
ew_royal\\vendor\\laravel\\framework\\src\\Illuminate\\Pipeline\\Pipeline.php(171): Illuminate\\Foundation\\Http\\Middleware\\VerifyCsrfToken->handle(Object(Illuminate\\Http\\Request), Object(Closure))
#23 E:\\Billy\\laravel_volcano_projects\\Royal-details\
ew_royal\\vendor\\laravel\\framework\\src\\Illuminate\\View\\Middleware\\ShareErrorsFromSession.php(49): Illuminate\\Pipeline\\Pipeline->Illuminate\\Pipeline\\{closure}(Object(Illuminate\\Http\\Request))
#24 E:\\Billy\\laravel_volcano_projects\\Royal-details\
ew_royal\\vendor\\laravel\\framework\\src\\Illuminate\\Pipeline\\Pipeline.php(171): Illuminate\\View\\Middleware\\ShareErrorsFromSession->handle(Object(Illuminate\\Http\\Request), Object(Closure))
#25 E:\\Billy\\laravel_volcano_projects\\Royal-details\
ew_royal\\vendor\\laravel\\framework\\src\\Illuminate\\Session\\Middleware\\StartSession.php(56): Illuminate\\Pipeline\\Pipeline->Illuminate\\Pipeline\\{closure}(Object(Illuminate\\Http\\Request))
#26 E:\\Billy\\laravel_volcano_projects\\Royal-details\
ew_royal\\vendor\\laravel\\framework\\src\\Illuminate\\Pipeline\\Pipeline.php(171): Illuminate\\Session\\Middleware\\StartSession->handle(Object(Illuminate\\Http\\Request), Object(Closure))
#27 E:\\Billy\\laravel_volcano_projects\\Royal-details\
ew_royal\\vendor\\laravel\\framework\\src\\Illuminate\\Cookie\\Middleware\\AddQueuedCookiesToResponse.php(37): Illuminate\\Pipeline\\Pipeline->Illuminate\\Pipeline\\{closure}(Object(Illuminate\\Http\\Request))
#28 E:\\Billy\\laravel_volcano_projects\\Royal-details\
ew_royal\\vendor\\laravel\\framework\\src\\Illuminate\\Pipeline\\Pipeline.php(171): Illuminate\\Cookie\\Middleware\\AddQueuedCookiesToResponse->handle(Object(Illuminate\\Http\\Request), Object(Closure))
#29 E:\\Billy\\laravel_volcano_projects\\Royal-details\
ew_royal\\vendor\\laravel\\framework\\src\\Illuminate\\Cookie\\Middleware\\EncryptCookies.php(66): Illuminate\\Pipeline\\Pipeline->Illuminate\\Pipeline\\{closure}(Object(Illuminate\\Http\\Request))
#30 E:\\Billy\\laravel_volcano_projects\\Royal-details\
ew_royal\\vendor\\laravel\\framework\\src\\Illuminate\\Pipeline\\Pipeline.php(171): Illuminate\\Cookie\\Middleware\\EncryptCookies->handle(Object(Illuminate\\Http\\Request), Object(Closure))
#31 E:\\Billy\\laravel_volcano_projects\\Royal-details\
ew_royal\\vendor\\laravel\\framework\\src\\Illuminate\\Pipeline\\Pipeline.php(105): Illuminate\\Pipeline\\Pipeline->Illuminate\\Pipeline\\{closure}(Object(Illuminate\\Http\\Request))
#32 E:\\Billy\\laravel_volcano_projects\\Royal-details\
ew_royal\\vendor\\laravel\\framework\\src\\Illuminate\\Routing\\Router.php(683): Illuminate\\Pipeline\\Pipeline->then(Object(Closure))
#33 E:\\Billy\\laravel_volcano_projects\\Royal-details\
ew_royal\\vendor\\laravel\\framework\\src\\Illuminate\\Routing\\Router.php(658): Illuminate\\Routing\\Router->runRouteWithinStack(Object(Illuminate\\Routing\\Route), Object(Illuminate\\Http\\Request))
#34 E:\\Billy\\laravel_volcano_projects\\Royal-details\
ew_royal\\vendor\\laravel\\framework\\src\\Illuminate\\Routing\\Router.php(624): Illuminate\\Routing\\Router->runRoute(Object(Illuminate\\Http\\Request), Object(Illuminate\\Routing\\Route))
#35 E:\\Billy\\laravel_volcano_projects\\Royal-details\
ew_royal\\vendor\\laravel\\framework\\src\\Illuminate\\Routing\\Router.php(613): Illuminate\\Routing\\Router->dispatchToRoute(Object(Illuminate\\Http\\Request))
#36 E:\\Billy\\laravel_volcano_projects\\Royal-details\
ew_royal\\vendor\\laravel\\framework\\src\\Illuminate\\Foundation\\Http\\Kernel.php(170): Illuminate\\Routing\\Router->dispatch(Object(Illuminate\\Http\\Request))
#37 E:\\Billy\\laravel_volcano_projects\\Royal-details\
ew_royal\\vendor\\laravel\\framework\\src\\Illuminate\\Pipeline\\Pipeline.php(130): Illuminate\\Foundation\\Http\\Kernel->Illuminate\\Foundation\\Http\\{closure}(Object(Illuminate\\Http\\Request))
#38 E:\\Billy\\laravel_volcano_projects\\Royal-details\
ew_royal\\vendor\\fideloper\\proxy\\src\\TrustProxies.php(57): Illuminate\\Pipeline\\Pipeline->Illuminate\\Pipeline\\{closure}(Object(Illuminate\\Http\\Request))
#39 E:\\Billy\\laravel_volcano_projects\\Royal-details\
ew_royal\\vendor\\laravel\\framework\\src\\Illuminate\\Pipeline\\Pipeline.php(171): Fideloper\\Proxy\\TrustProxies->handle(Object(Illuminate\\Http\\Request), Object(Closure))
#40 E:\\Billy\\laravel_volcano_projects\\Royal-details\
ew_royal\\vendor\\laravel\\framework\\src\\Illuminate\\Foundation\\Http\\Middleware\\TransformsRequest.php(21): Illuminate\\Pipeline\\Pipeline->Illuminate\\Pipeline\\{closure}(Object(Illuminate\\Http\\Request))
#41 E:\\Billy\\laravel_volcano_projects\\Royal-details\
ew_royal\\vendor\\laravel\\framework\\src\\Illuminate\\Pipeline\\Pipeline.php(171): Illuminate\\Foundation\\Http\\Middleware\\TransformsRequest->handle(Object(Illuminate\\Http\\Request), Object(Closure))
#42 E:\\Billy\\laravel_volcano_projects\\Royal-details\
ew_royal\\vendor\\laravel\\framework\\src\\Illuminate\\Foundation\\Http\\Middleware\\TransformsRequest.php(21): Illuminate\\Pipeline\\Pipeline->Illuminate\\Pipeline\\{closure}(Object(Illuminate\\Http\\Request))
#43 E:\\Billy\\laravel_volcano_projects\\Royal-details\
ew_royal\\vendor\\laravel\\framework\\src\\Illuminate\\Pipeline\\Pipeline.php(171): Illuminate\\Foundation\\Http\\Middleware\\TransformsRequest->handle(Object(Illuminate\\Http\\Request), Object(Closure))
#44 E:\\Billy\\laravel_volcano_projects\\Royal-details\
ew_royal\\vendor\\laravel\\framework\\src\\Illuminate\\Foundation\\Http\\Middleware\\ValidatePostSize.php(27): Illuminate\\Pipeline\\Pipeline->Illuminate\\Pipeline\\{closure}(Object(Illuminate\\Http\\Request))
#45 E:\\Billy\\laravel_volcano_projects\\Royal-details\
ew_royal\\vendor\\laravel\\framework\\src\\Illuminate\\Pipeline\\Pipeline.php(171): Illuminate\\Foundation\\Http\\Middleware\\ValidatePostSize->handle(Object(Illuminate\\Http\\Request), Object(Closure))
#46 E:\\Billy\\laravel_volcano_projects\\Royal-details\
ew_royal\\vendor\\laravel\\framework\\src\\Illuminate\\Foundation\\Http\\Middleware\\CheckForMaintenanceMode.php(63): Illuminate\\Pipeline\\Pipeline->Illuminate\\Pipeline\\{closure}(Object(Illuminate\\Http\\Request))
#47 E:\\Billy\\laravel_volcano_projects\\Royal-details\
ew_royal\\vendor\\laravel\\framework\\src\\Illuminate\\Pipeline\\Pipeline.php(171): Illuminate\\Foundation\\Http\\Middleware\\CheckForMaintenanceMode->handle(Object(Illuminate\\Http\\Request), Object(Closure))
#48 E:\\Billy\\laravel_volcano_projects\\Royal-details\
ew_royal\\vendor\\laravel\\framework\\src\\Illuminate\\Pipeline\\Pipeline.php(105): Illuminate\\Pipeline\\Pipeline->Illuminate\\Pipeline\\{closure}(Object(Illuminate\\Http\\Request))
#49 E:\\Billy\\laravel_volcano_projects\\Royal-details\
ew_royal\\vendor\\laravel\\framework\\src\\Illuminate\\Foundation\\Http\\Kernel.php(145): Illuminate\\Pipeline\\Pipeline->then(Object(Closure))
#50 E:\\Billy\\laravel_volcano_projects\\Royal-details\
ew_royal\\vendor\\laravel\\framework\\src\\Illuminate\\Foundation\\Http\\Kernel.php(110): Illuminate\\Foundation\\Http\\Kernel->sendRequestThroughRouter(Object(Illuminate\\Http\\Request))
#51 E:\\Billy\\laravel_volcano_projects\\Royal-details\
ew_royal\\public\\index.php(55): Illuminate\\Foundation\\Http\\Kernel->handle(Object(Illuminate\\Http\\Request))
#52 E:\\Billy\\laravel_volcano_projects\\Royal-details\
ew_royal\\server.php(21): require_once('E:\\\\Billy\\\\larave...')
#53 {main}
"} 
[2021-01-18 11:09:27] local.ERROR: Undefined index: submit (View: E:\Billy\laravel_volcano_projects\Royal-details\new_royal\resources\views\blades\freeAds.blade.php) {"userId":3,"exception":"[object] (Facade\\Ignition\\Exceptions\\ViewException(code: 0): Undefined index: submit (View: E:\\Billy\\laravel_volcano_projects\\Royal-details\
ew_royal\esources\\views\\blades\\freeAds.blade.php) at E:\\Billy\\laravel_volcano_projects\\Royal-details\
ew_royal\esources\\views/blades/freeAds.blade.php:1669)
[stacktrace]
#0 E:\\Billy\\laravel_volcano_projects\\Royal-details\
ew_royal\esources\\views/blades/freeAds.blade.php(1669): Illuminate\\Foundation\\Bootstrap\\HandleExceptions->handleError(8, 'Undefined index...', 'E:\\\\Billy\\\\larave...', 1669, Array)
#1 E:\\Billy\\laravel_volcano_projects\\Royal-details\
ew_royal\\vendor\\laravel\\framework\\src\\Illuminate\\View\\Engines\\PhpEngine.php(43): include('E:\\\\Billy\\\\larave...')
#2 E:\\Billy\\laravel_volcano_projects\\Royal-details\
ew_royal\\vendor\\laravel\\framework\\src\\Illuminate\\View\\Engines\\CompilerEngine.php(59): Illuminate\\View\\Engines\\PhpEngine->evaluatePath('E:\\\\Billy\\\\larave...', Array)
#3 E:\\Billy\\laravel_volcano_projects\\Royal-details\
ew_royal\\vendor\\facade\\ignition\\src\\Views\\Engines\\CompilerEngine.php(36): Illuminate\\View\\Engines\\CompilerEngine->get('E:\\\\Billy\\\\larave...', Array)
#4 E:\\Billy\\laravel_volcano_projects\\Royal-details\
ew_royal\\vendor\\laravel\\framework\\src\\Illuminate\\View\\View.php(143): Facade\\Ignition\\Views\\Engines\\CompilerEngine->get('E:\\\\Billy\\\\larave...', Array)
#5 E:\\Billy\\laravel_volcano_projects\\Royal-details\
ew_royal\\vendor\\laravel\\framework\\src\\Illuminate\\View\\View.php(126): Illuminate\\View\\View->getContents()
#6 E:\\Billy\\laravel_volcano_projects\\Royal-details\
ew_royal\\vendor\\laravel\\framework\\src\\Illuminate\\View\\View.php(91): Illuminate\\View\\View->renderContents()
#7 E:\\Billy\\laravel_volcano_projects\\Royal-details\
ew_royal\\vendor\\laravel\\framework\\src\\Illuminate\\Http\\Response.php(42): Illuminate\\View\\View->render()
#8 E:\\Billy\\laravel_volcano_projects\\Royal-details\
ew_royal\\vendor\\symfony\\http-foundation\\Response.php(205): Illuminate\\Http\\Response->setContent(Object(Illuminate\\View\\View))
#9 E:\\Billy\\laravel_volcano_projects\\Royal-details\
ew_royal\\vendor\\laravel\\framework\\src\\Illuminate\\Routing\\Router.php(749): Symfony\\Component\\HttpFoundation\\Response->__construct(Object(Illuminate\\View\\View), 200, Array)
#10 E:\\Billy\\laravel_volcano_projects\\Royal-details\
ew_royal\\vendor\\laravel\\framework\\src\\Illuminate\\Routing\\Router.php(721): Illuminate\\Routing\\Router::toResponse(Object(Illuminate\\Http\\Request), Object(Illuminate\\View\\View))
#11 E:\\Billy\\laravel_volcano_projects\\Royal-details\
ew_royal\\vendor\\laravel\\framework\\src\\Illuminate\\Routing\\Router.php(681): Illuminate\\Routing\\Router->prepareResponse(Object(Illuminate\\Http\\Request), Object(Illuminate\\View\\View))
#12 E:\\Billy\\laravel_volcano_projects\\Royal-details\
ew_royal\\vendor\\laravel\\framework\\src\\Illuminate\\Pipeline\\Pipeline.php(130): Illuminate\\Routing\\Router->Illuminate\\Routing\\{closure}(Object(Illuminate\\Http\\Request))
#13 E:\\Billy\\laravel_volcano_projects\\Royal-details\
ew_royal\\vendor\\mcamara\\laravel-localization\\src\\Mcamara\\LaravelLocalization\\Middleware\\LaravelLocalizationViewPath.php(33): Illuminate\\Pipeline\\Pipeline->Illuminate\\Pipeline\\{closure}(Object(Illuminate\\Http\\Request))
#14 E:\\Billy\\laravel_volcano_projects\\Royal-details\
ew_royal\\vendor\\laravel\\framework\\src\\Illuminate\\Pipeline\\Pipeline.php(171): Mcamara\\LaravelLocalization\\Middleware\\LaravelLocalizationViewPath->handle(Object(Illuminate\\Http\\Request), Object(Closure))
#15 E:\\Billy\\laravel_volcano_projects\\Royal-details\
ew_royal\\vendor\\mcamara\\laravel-localization\\src\\Mcamara\\LaravelLocalization\\Middleware\\LaravelLocalizationRedirectFilter.php(45): Illuminate\\Pipeline\\Pipeline->Illuminate\\Pipeline\\{closure}(Object(Illuminate\\Http\\Request))
#16 E:\\Billy\\laravel_volcano_projects\\Royal-details\
ew_royal\\vendor\\laravel\\framework\\src\\Illuminate\\Pipeline\\Pipeline.php(171): Mcamara\\LaravelLocalization\\Middleware\\LaravelLocalizationRedirectFilter->handle(Object(Illuminate\\Http\\Request), Object(Closure))
#17 E:\\Billy\\laravel_volcano_projects\\Royal-details\
ew_royal\\vendor\\mcamara\\laravel-localization\\src\\Mcamara\\LaravelLocalization\\Middleware\\LocaleSessionRedirect.php(32): Illuminate\\Pipeline\\Pipeline->Illuminate\\Pipeline\\{closure}(Object(Illuminate\\Http\\Request))
#18 E:\\Billy\\laravel_volcano_projects\\Royal-details\
ew_royal\\vendor\\laravel\\framework\\src\\Illuminate\\Pipeline\\Pipeline.php(171): Mcamara\\LaravelLocalization\\Middleware\\LocaleSessionRedirect->handle(Object(Illuminate\\Http\\Request), Object(Closure))
#19 E:\\Billy\\laravel_volcano_projects\\Royal-details\
ew_royal\\vendor\\avored\\framework\\src\\Support\\Middleware\\AvoRedCore.php(36): Illuminate\\Pipeline\\Pipeline->Illuminate\\Pipeline\\{closure}(Object(Illuminate\\Http\\Request))
#20 E:\\Billy\\laravel_volcano_projects\\Royal-details\
ew_royal\\vendor\\laravel\\framework\\src\\Illuminate\\Pipeline\\Pipeline.php(171): AvoRed\\Framework\\Support\\Middleware\\AvoRedCore->handle(Object(Illuminate\\Http\\Request), Object(Closure))
#21 E:\\Billy\\laravel_volcano_projects\\Royal-details\
ew_royal\\vendor\\laravel\\framework\\src\\Illuminate\\Routing\\Middleware\\SubstituteBindings.php(41): Illuminate\\Pipeline\\Pipeline->Illuminate\\Pipeline\\{closure}(Object(Illuminate\\Http\\Request))
#22 E:\\Billy\\laravel_volcano_projects\\Royal-details\
ew_royal\\vendor\\laravel\\framework\\src\\Illuminate\\Pipeline\\Pipeline.php(171): Illuminate\\Routing\\Middleware\\SubstituteBindings->handle(Object(Illuminate\\Http\\Request), Object(Closure))
#23 E:\\Billy\\laravel_volcano_projects\\Royal-details\
ew_royal\\vendor\\laravel\\framework\\src\\Illuminate\\Foundation\\Http\\Middleware\\VerifyCsrfToken.php(76): Illuminate\\Pipeline\\Pipeline->Illuminate\\Pipeline\\{closure}(Object(Illuminate\\Http\\Request))
#24 E:\\Billy\\laravel_volcano_projects\\Royal-details\
ew_royal\\vendor\\laravel\\framework\\src\\Illuminate\\Pipeline\\Pipeline.php(171): Illuminate\\Foundation\\Http\\Middleware\\VerifyCsrfToken->handle(Object(Illuminate\\Http\\Request), Object(Closure))
#25 E:\\Billy\\laravel_volcano_projects\\Royal-details\
ew_royal\\vendor\\laravel\\framework\\src\\Illuminate\\View\\Middleware\\ShareErrorsFromSession.php(49): Illuminate\\Pipeline\\Pipeline->Illuminate\\Pipeline\\{closure}(Object(Illuminate\\Http\\Request))
#26 E:\\Billy\\laravel_volcano_projects\\Royal-details\
ew_royal\\vendor\\laravel\\framework\\src\\Illuminate\\Pipeline\\Pipeline.php(171): Illuminate\\View\\Middleware\\ShareErrorsFromSession->handle(Object(Illuminate\\Http\\Request), Object(Closure))
#27 E:\\Billy\\laravel_volcano_projects\\Royal-details\
ew_royal\\vendor\\laravel\\framework\\src\\Illuminate\\Session\\Middleware\\StartSession.php(56): Illuminate\\Pipeline\\Pipeline->Illuminate\\Pipeline\\{closure}(Object(Illuminate\\Http\\Request))
#28 E:\\Billy\\laravel_volcano_projects\\Royal-details\
ew_royal\\vendor\\laravel\\framework\\src\\Illuminate\\Pipeline\\Pipeline.php(171): Illuminate\\Session\\Middleware\\StartSession->handle(Object(Illuminate\\Http\\Request), Object(Closure))
#29 E:\\Billy\\laravel_volcano_projects\\Royal-details\
ew_royal\\vendor\\laravel\\framework\\src\\Illuminate\\Cookie\\Middleware\\AddQueuedCookiesToResponse.php(37): Illuminate\\Pipeline\\Pipeline->Illuminate\\Pipeline\\{closure}(Object(Illuminate\\Http\\Request))
#30 E:\\Billy\\laravel_volcano_projects\\Royal-details\
ew_royal\\vendor\\laravel\\framework\\src\\Illuminate\\Pipeline\\Pipeline.php(171): Illuminate\\Cookie\\Middleware\\AddQueuedCookiesToResponse->handle(Object(Illuminate\\Http\\Request), Object(Closure))
#31 E:\\Billy\\laravel_volcano_projects\\Royal-details\
ew_royal\\vendor\\laravel\\framework\\src\\Illuminate\\Cookie\\Middleware\\EncryptCookies.php(66): Illuminate\\Pipeline\\Pipeline->Illuminate\\Pipeline\\{closure}(Object(Illuminate\\Http\\Request))
#32 E:\\Billy\\laravel_volcano_projects\\Royal-details\
ew_royal\\vendor\\laravel\\framework\\src\\Illuminate\\Pipeline\\Pipeline.php(171): Illuminate\\Cookie\\Middleware\\EncryptCookies->handle(Object(Illuminate\\Http\\Request), Object(Closure))
#33 E:\\Billy\\laravel_volcano_projects\\Royal-details\
ew_royal\\vendor\\laravel\\framework\\src\\Illuminate\\Pipeline\\Pipeline.php(105): Illuminate\\Pipeline\\Pipeline->Illuminate\\Pipeline\\{closure}(Object(Illuminate\\Http\\Request))
#34 E:\\Billy\\laravel_volcano_projects\\Royal-details\
ew_royal\\vendor\\laravel\\framework\\src\\Illuminate\\Routing\\Router.php(683): Illuminate\\Pipeline\\Pipeline->then(Object(Closure))
#35 E:\\Billy\\laravel_volcano_projects\\Royal-details\
ew_royal\\vendor\\laravel\\framework\\src\\Illuminate\\Routing\\Router.php(658): Illuminate\\Routing\\Router->runRouteWithinStack(Object(Illuminate\\Routing\\Route), Object(Illuminate\\Http\\Request))
#36 E:\\Billy\\laravel_volcano_projects\\Royal-details\
ew_royal\\vendor\\laravel\\framework\\src\\Illuminate\\Routing\\Router.php(624): Illuminate\\Routing\\Router->runRoute(Object(Illuminate\\Http\\Request), Object(Illuminate\\Routing\\Route))
#37 E:\\Billy\\laravel_volcano_projects\\Royal-details\
ew_royal\\vendor\\laravel\\framework\\src\\Illuminate\\Routing\\Router.php(613): Illuminate\\Routing\\Router->dispatchToRoute(Object(Illuminate\\Http\\Request))
#38 E:\\Billy\\laravel_volcano_projects\\Royal-details\
ew_royal\\vendor\\laravel\\framework\\src\\Illuminate\\Foundation\\Http\\Kernel.php(170): Illuminate\\Routing\\Router->dispatch(Object(Illuminate\\Http\\Request))
#39 E:\\Billy\\laravel_volcano_projects\\Royal-details\
ew_royal\\vendor\\laravel\\framework\\src\\Illuminate\\Pipeline\\Pipeline.php(130): Illuminate\\Foundation\\Http\\Kernel->Illuminate\\Foundation\\Http\\{closure}(Object(Illuminate\\Http\\Request))
#40 E:\\Billy\\laravel_volcano_projects\\Royal-details\
ew_royal\\vendor\\fideloper\\proxy\\src\\TrustProxies.php(57): Illuminate\\Pipeline\\Pipeline->Illuminate\\Pipeline\\{closure}(Object(Illuminate\\Http\\Request))
#41 E:\\Billy\\laravel_volcano_projects\\Royal-details\
ew_royal\\vendor\\laravel\\framework\\src\\Illuminate\\Pipeline\\Pipeline.php(171): Fideloper\\Proxy\\TrustProxies->handle(Object(Illuminate\\Http\\Request), Object(Closure))
#42 E:\\Billy\\laravel_volcano_projects\\Royal-details\
ew_royal\\vendor\\laravel\\framework\\src\\Illuminate\\Foundation\\Http\\Middleware\\TransformsRequest.php(21): Illuminate\\Pipeline\\Pipeline->Illuminate\\Pipeline\\{closure}(Object(Illuminate\\Http\\Request))
#43 E:\\Billy\\laravel_volcano_projects\\Royal-details\
ew_royal\\vendor\\laravel\\framework\\src\\Illuminate\\Pipeline\\Pipeline.php(171): Illuminate\\Foundation\\Http\\Middleware\\TransformsRequest->handle(Object(Illuminate\\Http\\Request), Object(Closure))
#44 E:\\Billy\\laravel_volcano_projects\\Royal-details\
ew_royal\\vendor\\laravel\\framework\\src\\Illuminate\\Foundation\\Http\\Middleware\\TransformsRequest.php(21): Illuminate\\Pipeline\\Pipeline->Illuminate\\Pipeline\\{closure}(Object(Illuminate\\Http\\Request))
#45 E:\\Billy\\laravel_volcano_projects\\Royal-details\
ew_royal\\vendor\\laravel\\framework\\src\\Illuminate\\Pipeline\\Pipeline.php(171): Illuminate\\Foundation\\Http\\Middleware\\TransformsRequest->handle(Object(Illuminate\\Http\\Request), Object(Closure))
#46 E:\\Billy\\laravel_volcano_projects\\Royal-details\
ew_royal\\vendor\\laravel\\framework\\src\\Illuminate\\Foundation\\Http\\Middleware\\ValidatePostSize.php(27): Illuminate\\Pipeline\\Pipeline->Illuminate\\Pipeline\\{closure}(Object(Illuminate\\Http\\Request))
#47 E:\\Billy\\laravel_volcano_projects\\Royal-details\
ew_royal\\vendor\\laravel\\framework\\src\\Illuminate\\Pipeline\\Pipeline.php(171): Illuminate\\Foundation\\Http\\Middleware\\ValidatePostSize->handle(Object(Illuminate\\Http\\Request), Object(Closure))
#48 E:\\Billy\\laravel_volcano_projects\\Royal-details\
ew_royal\\vendor\\laravel\\framework\\src\\Illuminate\\Foundation\\Http\\Middleware\\CheckForMaintenanceMode.php(63): Illuminate\\Pipeline\\Pipeline->Illuminate\\Pipeline\\{closure}(Object(Illuminate\\Http\\Request))
#49 E:\\Billy\\laravel_volcano_projects\\Royal-details\
ew_royal\\vendor\\laravel\\framework\\src\\Illuminate\\Pipeline\\Pipeline.php(171): Illuminate\\Foundation\\Http\\Middleware\\CheckForMaintenanceMode->handle(Object(Illuminate\\Http\\Request), Object(Closure))
#50 E:\\Billy\\laravel_volcano_projects\\Royal-details\
ew_royal\\vendor\\laravel\\framework\\src\\Illuminate\\Pipeline\\Pipeline.php(105): Illuminate\\Pipeline\\Pipeline->Illuminate\\Pipeline\\{closure}(Object(Illuminate\\Http\\Request))
#51 E:\\Billy\\laravel_volcano_projects\\Royal-details\
ew_royal\\vendor\\laravel\\framework\\src\\Illuminate\\Foundation\\Http\\Kernel.php(145): Illuminate\\Pipeline\\Pipeline->then(Object(Closure))
#52 E:\\Billy\\laravel_volcano_projects\\Royal-details\
ew_royal\\vendor\\laravel\\framework\\src\\Illuminate\\Foundation\\Http\\Kernel.php(110): Illuminate\\Foundation\\Http\\Kernel->sendRequestThroughRouter(Object(Illuminate\\Http\\Request))
#53 E:\\Billy\\laravel_volcano_projects\\Royal-details\
ew_royal\\public\\index.php(55): Illuminate\\Foundation\\Http\\Kernel->handle(Object(Illuminate\\Http\\Request))
#54 E:\\Billy\\laravel_volcano_projects\\Royal-details\
ew_royal\\server.php(21): require_once('E:\\\\Billy\\\\larave...')
#55 {main}

[previous exception] [object] (ErrorException(code: 0): Undefined index: submit at E:\\Billy\\laravel_volcano_projects\\Royal-details\
ew_royal\\storage\\framework\\views\\ff568a8d2210c35c739573d0551caf95eb6bf9eb.php:1669)
[stacktrace]
#0 E:\\Billy\\laravel_volcano_projects\\Royal-details\
ew_royal\\storage\\framework\\views\\ff568a8d2210c35c739573d0551caf95eb6bf9eb.php(1669): Illuminate\\Foundation\\Bootstrap\\HandleExceptions->handleError(8, 'Undefined index...', 'E:\\\\Billy\\\\larave...', 1669, Array)
#1 E:\\Billy\\laravel_volcano_projects\\Royal-details\
ew_royal\\vendor\\laravel\\framework\\src\\Illuminate\\View\\Engines\\PhpEngine.php(43): include('E:\\\\Billy\\\\larave...')
#2 E:\\Billy\\laravel_volcano_projects\\Royal-details\
ew_royal\\vendor\\laravel\\framework\\src\\Illuminate\\View\\Engines\\CompilerEngine.php(59): Illuminate\\View\\Engines\\PhpEngine->evaluatePath('E:\\\\Billy\\\\larave...', Array)
#3 E:\\Billy\\laravel_volcano_projects\\Royal-details\
ew_royal\\vendor\\facade\\ignition\\src\\Views\\Engines\\CompilerEngine.php(36): Illuminate\\View\\Engines\\CompilerEngine->get('E:\\\\Billy\\\\larave...', Array)
#4 E:\\Billy\\laravel_volcano_projects\\Royal-details\
ew_royal\\vendor\\laravel\\framework\\src\\Illuminate\\View\\View.php(143): Facade\\Ignition\\Views\\Engines\\CompilerEngine->get('E:\\\\Billy\\\\larave...', Array)
#5 E:\\Billy\\laravel_volcano_projects\\Royal-details\
ew_royal\\vendor\\laravel\\framework\\src\\Illuminate\\View\\View.php(126): Illuminate\\View\\View->getContents()
#6 E:\\Billy\\laravel_volcano_projects\\Royal-details\
ew_royal\\vendor\\laravel\\framework\\src\\Illuminate\\View\\View.php(91): Illuminate\\View\\View->renderContents()
#7 E:\\Billy\\laravel_volcano_projects\\Royal-details\
ew_royal\\vendor\\laravel\\framework\\src\\Illuminate\\Http\\Response.php(42): Illuminate\\View\\View->render()
#8 E:\\Billy\\laravel_volcano_projects\\Royal-details\
ew_royal\\vendor\\symfony\\http-foundation\\Response.php(205): Illuminate\\Http\\Response->setContent(Object(Illuminate\\View\\View))
#9 E:\\Billy\\laravel_volcano_projects\\Royal-details\
ew_royal\\vendor\\laravel\\framework\\src\\Illuminate\\Routing\\Router.php(749): Symfony\\Component\\HttpFoundation\\Response->__construct(Object(Illuminate\\View\\View), 200, Array)
#10 E:\\Billy\\laravel_volcano_projects\\Royal-details\
ew_royal\\vendor\\laravel\\framework\\src\\Illuminate\\Routing\\Router.php(721): Illuminate\\Routing\\Router::toResponse(Object(Illuminate\\Http\\Request), Object(Illuminate\\View\\View))
#11 E:\\Billy\\laravel_volcano_projects\\Royal-details\
ew_royal\\vendor\\laravel\\framework\\src\\Illuminate\\Routing\\Router.php(681): Illuminate\\Routing\\Router->prepareResponse(Object(Illuminate\\Http\\Request), Object(Illuminate\\View\\View))
#12 E:\\Billy\\laravel_volcano_projects\\Royal-details\
ew_royal\\vendor\\laravel\\framework\\src\\Illuminate\\Pipeline\\Pipeline.php(130): Illuminate\\Routing\\Router->Illuminate\\Routing\\{closure}(Object(Illuminate\\Http\\Request))
#13 E:\\Billy\\laravel_volcano_projects\\Royal-details\
ew_royal\\vendor\\mcamara\\laravel-localization\\src\\Mcamara\\LaravelLocalization\\Middleware\\LaravelLocalizationViewPath.php(33): Illuminate\\Pipeline\\Pipeline->Illuminate\\Pipeline\\{closure}(Object(Illuminate\\Http\\Request))
#14 E:\\Billy\\laravel_volcano_projects\\Royal-details\
ew_royal\\vendor\\laravel\\framework\\src\\Illuminate\\Pipeline\\Pipeline.php(171): Mcamara\\LaravelLocalization\\Middleware\\LaravelLocalizationViewPath->handle(Object(Illuminate\\Http\\Request), Object(Closure))
#15 E:\\Billy\\laravel_volcano_projects\\Royal-details\
ew_royal\\vendor\\mcamara\\laravel-localization\\src\\Mcamara\\LaravelLocalization\\Middleware\\LaravelLocalizationRedirectFilter.php(45): Illuminate\\Pipeline\\Pipeline->Illuminate\\Pipeline\\{closure}(Object(Illuminate\\Http\\Request))
#16 E:\\Billy\\laravel_volcano_projects\\Royal-details\
ew_royal\\vendor\\laravel\\framework\\src\\Illuminate\\Pipeline\\Pipeline.php(171): Mcamara\\LaravelLocalization\\Middleware\\LaravelLocalizationRedirectFilter->handle(Object(Illuminate\\Http\\Request), Object(Closure))
#17 E:\\Billy\\laravel_volcano_projects\\Royal-details\
ew_royal\\vendor\\mcamara\\laravel-localization\\src\\Mcamara\\LaravelLocalization\\Middleware\\LocaleSessionRedirect.php(32): Illuminate\\Pipeline\\Pipeline->Illuminate\\Pipeline\\{closure}(Object(Illuminate\\Http\\Request))
#18 E:\\Billy\\laravel_volcano_projects\\Royal-details\
ew_royal\\vendor\\laravel\\framework\\src\\Illuminate\\Pipeline\\Pipeline.php(171): Mcamara\\LaravelLocalization\\Middleware\\LocaleSessionRedirect->handle(Object(Illuminate\\Http\\Request), Object(Closure))
#19 E:\\Billy\\laravel_volcano_projects\\Royal-details\
ew_royal\\vendor\\avored\\framework\\src\\Support\\Middleware\\AvoRedCore.php(36): Illuminate\\Pipeline\\Pipeline->Illuminate\\Pipeline\\{closure}(Object(Illuminate\\Http\\Request))
#20 E:\\Billy\\laravel_volcano_projects\\Royal-details\
ew_royal\\vendor\\laravel\\framework\\src\\Illuminate\\Pipeline\\Pipeline.php(171): AvoRed\\Framework\\Support\\Middleware\\AvoRedCore->handle(Object(Illuminate\\Http\\Request), Object(Closure))
#21 E:\\Billy\\laravel_volcano_projects\\Royal-details\
ew_royal\\vendor\\laravel\\framework\\src\\Illuminate\\Routing\\Middleware\\SubstituteBindings.php(41): Illuminate\\Pipeline\\Pipeline->Illuminate\\Pipeline\\{closure}(Object(Illuminate\\Http\\Request))
#22 E:\\Billy\\laravel_volcano_projects\\Royal-details\
ew_royal\\vendor\\laravel\\framework\\src\\Illuminate\\Pipeline\\Pipeline.php(171): Illuminate\\Routing\\Middleware\\SubstituteBindings->handle(Object(Illuminate\\Http\\Request), Object(Closure))
#23 E:\\Billy\\laravel_volcano_projects\\Royal-details\
ew_royal\\vendor\\laravel\\framework\\src\\Illuminate\\Foundation\\Http\\Middleware\\VerifyCsrfToken.php(76): Illuminate\\Pipeline\\Pipeline->Illuminate\\Pipeline\\{closure}(Object(Illuminate\\Http\\Request))
#24 E:\\Billy\\laravel_volcano_projects\\Royal-details\
ew_royal\\vendor\\laravel\\framework\\src\\Illuminate\\Pipeline\\Pipeline.php(171): Illuminate\\Foundation\\Http\\Middleware\\VerifyCsrfToken->handle(Object(Illuminate\\Http\\Request), Object(Closure))
#25 E:\\Billy\\laravel_volcano_projects\\Royal-details\
ew_royal\\vendor\\laravel\\framework\\src\\Illuminate\\View\\Middleware\\ShareErrorsFromSession.php(49): Illuminate\\Pipeline\\Pipeline->Illuminate\\Pipeline\\{closure}(Object(Illuminate\\Http\\Request))
#26 E:\\Billy\\laravel_volcano_projects\\Royal-details\
ew_royal\\vendor\\laravel\\framework\\src\\Illuminate\\Pipeline\\Pipeline.php(171): Illuminate\\View\\Middleware\\ShareErrorsFromSession->handle(Object(Illuminate\\Http\\Request), Object(Closure))
#27 E:\\Billy\\laravel_volcano_projects\\Royal-details\
ew_royal\\vendor\\laravel\\framework\\src\\Illuminate\\Session\\Middleware\\StartSession.php(56): Illuminate\\Pipeline\\Pipeline->Illuminate\\Pipeline\\{closure}(Object(Illuminate\\Http\\Request))
#28 E:\\Billy\\laravel_volcano_projects\\Royal-details\
ew_royal\\vendor\\laravel\\framework\\src\\Illuminate\\Pipeline\\Pipeline.php(171): Illuminate\\Session\\Middleware\\StartSession->handle(Object(Illuminate\\Http\\Request), Object(Closure))
#29 E:\\Billy\\laravel_volcano_projects\\Royal-details\
ew_royal\\vendor\\laravel\\framework\\src\\Illuminate\\Cookie\\Middleware\\AddQueuedCookiesToResponse.php(37): Illuminate\\Pipeline\\Pipeline->Illuminate\\Pipeline\\{closure}(Object(Illuminate\\Http\\Request))
#30 E:\\Billy\\laravel_volcano_projects\\Royal-details\
ew_royal\\vendor\\laravel\\framework\\src\\Illuminate\\Pipeline\\Pipeline.php(171): Illuminate\\Cookie\\Middleware\\AddQueuedCookiesToResponse->handle(Object(Illuminate\\Http\\Request), Object(Closure))
#31 E:\\Billy\\laravel_volcano_projects\\Royal-details\
ew_royal\\vendor\\laravel\\framework\\src\\Illuminate\\Cookie\\Middleware\\EncryptCookies.php(66): Illuminate\\Pipeline\\Pipeline->Illuminate\\Pipeline\\{closure}(Object(Illuminate\\Http\\Request))
#32 E:\\Billy\\laravel_volcano_projects\\Royal-details\
ew_royal\\vendor\\laravel\\framework\\src\\Illuminate\\Pipeline\\Pipeline.php(171): Illuminate\\Cookie\\Middleware\\EncryptCookies->handle(Object(Illuminate\\Http\\Request), Object(Closure))
#33 E:\\Billy\\laravel_volcano_projects\\Royal-details\
ew_royal\\vendor\\laravel\\framework\\src\\Illuminate\\Pipeline\\Pipeline.php(105): Illuminate\\Pipeline\\Pipeline->Illuminate\\Pipeline\\{closure}(Object(Illuminate\\Http\\Request))
#34 E:\\Billy\\laravel_volcano_projects\\Royal-details\
ew_royal\\vendor\\laravel\\framework\\src\\Illuminate\\Routing\\Router.php(683): Illuminate\\Pipeline\\Pipeline->then(Object(Closure))
#35 E:\\Billy\\laravel_volcano_projects\\Royal-details\
ew_royal\\vendor\\laravel\\framework\\src\\Illuminate\\Routing\\Router.php(658): Illuminate\\Routing\\Router->runRouteWithinStack(Object(Illuminate\\Routing\\Route), Object(Illuminate\\Http\\Request))
#36 E:\\Billy\\laravel_volcano_projects\\Royal-details\
ew_royal\\vendor\\laravel\\framework\\src\\Illuminate\\Routing\\Router.php(624): Illuminate\\Routing\\Router->runRoute(Object(Illuminate\\Http\\Request), Object(Illuminate\\Routing\\Route))
#37 E:\\Billy\\laravel_volcano_projects\\Royal-details\
ew_royal\\vendor\\laravel\\framework\\src\\Illuminate\\Routing\\Router.php(613): Illuminate\\Routing\\Router->dispatchToRoute(Object(Illuminate\\Http\\Request))
#38 E:\\Billy\\laravel_volcano_projects\\Royal-details\
ew_royal\\vendor\\laravel\\framework\\src\\Illuminate\\Foundation\\Http\\Kernel.php(170): Illuminate\\Routing\\Router->dispatch(Object(Illuminate\\Http\\Request))
#39 E:\\Billy\\laravel_volcano_projects\\Royal-details\
ew_royal\\vendor\\laravel\\framework\\src\\Illuminate\\Pipeline\\Pipeline.php(130): Illuminate\\Foundation\\Http\\Kernel->Illuminate\\Foundation\\Http\\{closure}(Object(Illuminate\\Http\\Request))
#40 E:\\Billy\\laravel_volcano_projects\\Royal-details\
ew_royal\\vendor\\fideloper\\proxy\\src\\TrustProxies.php(57): Illuminate\\Pipeline\\Pipeline->Illuminate\\Pipeline\\{closure}(Object(Illuminate\\Http\\Request))
#41 E:\\Billy\\laravel_volcano_projects\\Royal-details\
ew_royal\\vendor\\laravel\\framework\\src\\Illuminate\\Pipeline\\Pipeline.php(171): Fideloper\\Proxy\\TrustProxies->handle(Object(Illuminate\\Http\\Request), Object(Closure))
#42 E:\\Billy\\laravel_volcano_projects\\Royal-details\
ew_royal\\vendor\\laravel\\framework\\src\\Illuminate\\Foundation\\Http\\Middleware\\TransformsRequest.php(21): Illuminate\\Pipeline\\Pipeline->Illuminate\\Pipeline\\{closure}(Object(Illuminate\\Http\\Request))
#43 E:\\Billy\\laravel_volcano_projects\\Royal-details\
ew_royal\\vendor\\laravel\\framework\\src\\Illuminate\\Pipeline\\Pipeline.php(171): Illuminate\\Foundation\\Http\\Middleware\\TransformsRequest->handle(Object(Illuminate\\Http\\Request), Object(Closure))
#44 E:\\Billy\\laravel_volcano_projects\\Royal-details\
ew_royal\\vendor\\laravel\\framework\\src\\Illuminate\\Foundation\\Http\\Middleware\\TransformsRequest.php(21): Illuminate\\Pipeline\\Pipeline->Illuminate\\Pipeline\\{closure}(Object(Illuminate\\Http\\Request))
#45 E:\\Billy\\laravel_volcano_projects\\Royal-details\
ew_royal\\vendor\\laravel\\framework\\src\\Illuminate\\Pipeline\\Pipeline.php(171): Illuminate\\Foundation\\Http\\Middleware\\TransformsRequest->handle(Object(Illuminate\\Http\\Request), Object(Closure))
#46 E:\\Billy\\laravel_volcano_projects\\Royal-details\
ew_royal\\vendor\\laravel\\framework\\src\\Illuminate\\Foundation\\Http\\Middleware\\ValidatePostSize.php(27): Illuminate\\Pipeline\\Pipeline->Illuminate\\Pipeline\\{closure}(Object(Illuminate\\Http\\Request))
#47 E:\\Billy\\laravel_volcano_projects\\Royal-details\
ew_royal\\vendor\\laravel\\framework\\src\\Illuminate\\Pipeline\\Pipeline.php(171): Illuminate\\Foundation\\Http\\Middleware\\ValidatePostSize->handle(Object(Illuminate\\Http\\Request), Object(Closure))
#48 E:\\Billy\\laravel_volcano_projects\\Royal-details\
ew_royal\\vendor\\laravel\\framework\\src\\Illuminate\\Foundation\\Http\\Middleware\\CheckForMaintenanceMode.php(63): Illuminate\\Pipeline\\Pipeline->Illuminate\\Pipeline\\{closure}(Object(Illuminate\\Http\\Request))
#49 E:\\Billy\\laravel_volcano_projects\\Royal-details\
ew_royal\\vendor\\laravel\\framework\\src\\Illuminate\\Pipeline\\Pipeline.php(171): Illuminate\\Foundation\\Http\\Middleware\\CheckForMaintenanceMode->handle(Object(Illuminate\\Http\\Request), Object(Closure))
#50 E:\\Billy\\laravel_volcano_projects\\Royal-details\
ew_royal\\vendor\\laravel\\framework\\src\\Illuminate\\Pipeline\\Pipeline.php(105): Illuminate\\Pipeline\\Pipeline->Illuminate\\Pipeline\\{closure}(Object(Illuminate\\Http\\Request))
#51 E:\\Billy\\laravel_volcano_projects\\Royal-details\
ew_royal\\vendor\\laravel\\framework\\src\\Illuminate\\Foundation\\Http\\Kernel.php(145): Illuminate\\Pipeline\\Pipeline->then(Object(Closure))
#52 E:\\Billy\\laravel_volcano_projects\\Royal-details\
ew_royal\\vendor\\laravel\\framework\\src\\Illuminate\\Foundation\\Http\\Kernel.php(110): Illuminate\\Foundation\\Http\\Kernel->sendRequestThroughRouter(Object(Illuminate\\Http\\Request))
#53 E:\\Billy\\laravel_volcano_projects\\Royal-details\
ew_royal\\public\\index.php(55): Illuminate\\Foundation\\Http\\Kernel->handle(Object(Illuminate\\Http\\Request))
#54 E:\\Billy\\laravel_volcano_projects\\Royal-details\
ew_royal\\server.php(21): require_once('E:\\\\Billy\\\\larave...')
#55 {main}
"} 
